{"logTime": "1210/091335", "correlationVector":"76KaMM7ueGjShIdkYzol+7.3","action":"GetUpdates Response", "result":"Success", "context":Received 250 update(s). cV=76KaMM7ueGjShIdkYzol+7.0;server=akswtt10800000j;cloudType=Consumer;environment=Prod_southeastasia_prod-s01-064-apac-southeastasia;migrationStage=NotStarted Some updates remain.}
{"logTime": "1210/091335", "correlationVector":"yBIWX1op+As4jK+5M4BhRA","action":"Initial GetUpdates", "result":"", "context":Reason: NEWLY_SUPPORTED_DATATYPE. cV=yBIWX1op+As4jK+5M4BhRA}
{"logTime": "1210/091336", "correlationVector":"yBIWX1op+As4jK+5M4BhRA.1","action":"SyncServerConnectionManagerRequest", "result":"SYNC_SERVER_OK", "context":{"environment":"Prod_southindia_prod-s01-004-apac-southindia", "migrationStage":"NotStarted", "server":"akswtt02300000s"}}
{"logTime": "1210/091336", "correlationVector":"yBIWX1op+As4jK+5M4BhRA.2","action":"ProcessGetUpdates", "result":"Done", "context":{"dataType":"History", "deleted":"0", "process_failed_to_decrypt":"0", "process_pending_decryption":"0", "process_success":"250", "total":"250"}}
{"logTime": "1210/091336", "correlationVector":"yBIWX1op+As4jK+5M4BhRA.3","action":"GetUpdates Response", "result":"Success", "context":Received 250 update(s). cV=yBIWX1op+As4jK+5M4BhRA.0;server=akswtt02300000s;cloudType=Consumer;environment=Prod_southindia_prod-s01-004-apac-southindia;migrationStage=NotStarted Some updates remain.}
{"logTime": "1210/091336", "correlationVector":"vlMB2hJBE4ns2tyse1NTEY","action":"Initial GetUpdates", "result":"", "context":Reason: NEWLY_SUPPORTED_DATATYPE. cV=vlMB2hJBE4ns2tyse1NTEY}
{"logTime": "1210/091336", "correlationVector":"vlMB2hJBE4ns2tyse1NTEY.1","action":"SyncServerConnectionManagerRequest", "result":"SYNC_SERVER_OK", "context":{"environment":"Prod_southindia_prod-s01-004-apac-southindia", "migrationStage":"NotStarted", "server":"akswtt02300001a"}}
{"logTime": "1210/091336", "correlationVector":"vlMB2hJBE4ns2tyse1NTEY.2","action":"ProcessGetUpdates", "result":"Done", "context":{"dataType":"History", "deleted":"0", "process_failed_to_decrypt":"0", "process_pending_decryption":"0", "process_success":"250", "total":"250"}}
{"logTime": "1210/091336", "correlationVector":"vlMB2hJBE4ns2tyse1NTEY.3","action":"GetUpdates Response", "result":"Success", "context":Received 250 update(s). cV=vlMB2hJBE4ns2tyse1NTEY.0;server=akswtt02300001a;cloudType=Consumer;environment=Prod_southindia_prod-s01-004-apac-southindia;migrationStage=NotStarted Some updates remain.}
{"logTime": "1210/091336", "correlationVector":"SXTBToDgbvWC4AZ0j/BQ0a","action":"Initial GetUpdates", "result":"", "context":Reason: NEWLY_SUPPORTED_DATATYPE. cV=SXTBToDgbvWC4AZ0j/BQ0a}
{"logTime": "1210/091337", "correlationVector":"SXTBToDgbvWC4AZ0j/BQ0a.1","action":"SyncServerConnectionManagerRequest", "result":"SYNC_SERVER_OK", "context":{"environment":"Prod_southeastasia_prod-s01-064-apac-southeastasia", "migrationStage":"NotStarted", "server":"akswtt108000002"}}
{"logTime": "1210/091337", "correlationVector":"SXTBToDgbvWC4AZ0j/BQ0a.2","action":"ProcessGetUpdates", "result":"Done", "context":{"dataType":"History", "deleted":"0", "process_failed_to_decrypt":"0", "process_pending_decryption":"0", "process_success":"250", "total":"250"}}
{"logTime": "1210/091337", "correlationVector":"SXTBToDgbvWC4AZ0j/BQ0a.3","action":"GetUpdates Response", "result":"Success", "context":Received 250 update(s). cV=SXTBToDgbvWC4AZ0j/BQ0a.0;server=akswtt108000002;cloudType=Consumer;environment=Prod_southeastasia_prod-s01-064-apac-southeastasia;migrationStage=NotStarted Some updates remain.}
{"logTime": "1210/091337", "correlationVector":"IvO+MHKmG1Qucm5CbkBeXZ","action":"Initial GetUpdates", "result":"", "context":Reason: NEWLY_SUPPORTED_DATATYPE. cV=IvO+MHKmG1Qucm5CbkBeXZ}
{"logTime": "1210/091338", "correlationVector":"IvO+MHKmG1Qucm5CbkBeXZ.1","action":"SyncServerConnectionManagerRequest", "result":"SYNC_SERVER_OK", "context":{"environment":"Prod_southindia_prod-s01-004-apac-southindia", "migrationStage":"NotStarted", "server":"akswtt023000031"}}
{"logTime": "1210/091338", "correlationVector":"IvO+MHKmG1Qucm5CbkBeXZ.2","action":"ProcessGetUpdates", "result":"Done", "context":{"dataType":"History", "deleted":"0", "process_failed_to_decrypt":"0", "process_pending_decryption":"0", "process_success":"250", "total":"250"}}
{"logTime": "1210/091338", "correlationVector":"IvO+MHKmG1Qucm5CbkBeXZ.3","action":"GetUpdates Response", "result":"Success", "context":Received 250 update(s). cV=IvO+MHKmG1Qucm5CbkBeXZ.0;server=akswtt023000031;cloudType=Consumer;environment=Prod_southindia_prod-s01-004-apac-southindia;migrationStage=NotStarted Some updates remain.}
{"logTime": "1210/091338", "correlationVector":"0QGn51BbmGoH7l3KboWtrX","action":"Initial GetUpdates", "result":"", "context":Reason: NEWLY_SUPPORTED_DATATYPE. cV=0QGn51BbmGoH7l3KboWtrX}
{"logTime": "1210/091338", "correlationVector":"0QGn51BbmGoH7l3KboWtrX.1","action":"SyncServerConnectionManagerRequest", "result":"SYNC_SERVER_OK", "context":{"environment":"Prod_southeastasia_prod-s01-064-apac-southeastasia", "migrationStage":"NotStarted", "server":"akswtt108000002"}}
{"logTime": "1210/091338", "correlationVector":"0QGn51BbmGoH7l3KboWtrX.2","action":"ProcessGetUpdates", "result":"Done", "context":{"dataType":"History", "deleted":"0", "process_failed_to_decrypt":"0", "process_pending_decryption":"0", "process_success":"250", "total":"250"}}
{"logTime": "1210/091338", "correlationVector":"0QGn51BbmGoH7l3KboWtrX.3","action":"GetUpdates Response", "result":"Success", "context":Received 250 update(s). cV=0QGn51BbmGoH7l3KboWtrX.0;server=akswtt108000002;cloudType=Consumer;environment=Prod_southeastasia_prod-s01-064-apac-southeastasia;migrationStage=NotStarted Some updates remain.}
{"logTime": "1210/091338", "correlationVector":"sr1nkhfEtSIjwYyux4oQPh","action":"Initial GetUpdates", "result":"", "context":Reason: NEWLY_SUPPORTED_DATATYPE. cV=sr1nkhfEtSIjwYyux4oQPh}
{"logTime": "1210/091339", "correlationVector":"sr1nkhfEtSIjwYyux4oQPh.1","action":"SyncServerConnectionManagerRequest", "result":"SYNC_SERVER_OK", "context":{"environment":"Prod_southindia_prod-s01-004-apac-southindia", "migrationStage":"NotStarted", "server":"akswtt023000032"}}
{"logTime": "1210/091339", "correlationVector":"sr1nkhfEtSIjwYyux4oQPh.2","action":"ProcessGetUpdates", "result":"Done", "context":{"dataType":"History", "deleted":"0", "process_failed_to_decrypt":"0", "process_pending_decryption":"0", "process_success":"250", "total":"250"}}
{"logTime": "1210/091339", "correlationVector":"sr1nkhfEtSIjwYyux4oQPh.3","action":"GetUpdates Response", "result":"Success", "context":Received 250 update(s). cV=sr1nkhfEtSIjwYyux4oQPh.0;server=akswtt023000032;cloudType=Consumer;environment=Prod_southindia_prod-s01-004-apac-southindia;migrationStage=NotStarted Some updates remain.}
{"logTime": "1210/091339", "correlationVector":"VWOUJI2a7Hg46O62Q73eDk","action":"Initial GetUpdates", "result":"", "context":Reason: NEWLY_SUPPORTED_DATATYPE. cV=VWOUJI2a7Hg46O62Q73eDk}
{"logTime": "1210/091340", "correlationVector":"VWOUJI2a7Hg46O62Q73eDk.1","action":"SyncServerConnectionManagerRequest", "result":"SYNC_SERVER_OK", "context":{"environment":"Prod_southindia_prod-s01-004-apac-southindia", "migrationStage":"NotStarted", "server":"akswtt02300000s"}}
{"logTime": "1210/091340", "correlationVector":"VWOUJI2a7Hg46O62Q73eDk.2","action":"ProcessGetUpdates", "result":"Done", "context":{"dataType":"History", "deleted":"0", "process_failed_to_decrypt":"0", "process_pending_decryption":"0", "process_success":"250", "total":"250"}}
{"logTime": "1210/091340", "correlationVector":"VWOUJI2a7Hg46O62Q73eDk.3","action":"GetUpdates Response", "result":"Success", "context":Received 250 update(s). cV=VWOUJI2a7Hg46O62Q73eDk.0;server=akswtt02300000s;cloudType=Consumer;environment=Prod_southindia_prod-s01-004-apac-southindia;migrationStage=NotStarted Some updates remain.}
{"logTime": "1210/091340", "correlationVector":"jJguJALAgSmclMlbpeQdJr","action":"Initial GetUpdates", "result":"", "context":Reason: NEWLY_SUPPORTED_DATATYPE. cV=jJguJALAgSmclMlbpeQdJr}
{"logTime": "1210/091341", "correlationVector":"jJguJALAgSmclMlbpeQdJr.1","action":"SyncServerConnectionManagerRequest", "result":"SYNC_SERVER_OK", "context":{"environment":"Prod_southindia_prod-s01-004-apac-southindia", "migrationStage":"NotStarted", "server":"akswtt02300000m"}}
{"logTime": "1210/091341", "correlationVector":"jJguJALAgSmclMlbpeQdJr.2","action":"ProcessGetUpdates", "result":"Done", "context":{"dataType":"History", "deleted":"0", "process_failed_to_decrypt":"0", "process_pending_decryption":"0", "process_success":"250", "total":"250"}}
{"logTime": "1210/091341", "correlationVector":"jJguJALAgSmclMlbpeQdJr.3","action":"GetUpdates Response", "result":"Success", "context":Received 250 update(s). cV=jJguJALAgSmclMlbpeQdJr.0;server=akswtt02300000m;cloudType=Consumer;environment=Prod_southindia_prod-s01-004-apac-southindia;migrationStage=NotStarted Some updates remain.}
{"logTime": "1210/091341", "correlationVector":"lbUPRux/yThJ6LCQkKjcEh","action":"Initial GetUpdates", "result":"", "context":Reason: NEWLY_SUPPORTED_DATATYPE. cV=lbUPRux/yThJ6LCQkKjcEh}
{"logTime": "1210/091341", "correlationVector":"lbUPRux/yThJ6LCQkKjcEh.1","action":"SyncServerConnectionManagerRequest", "result":"SYNC_SERVER_OK", "context":{"environment":"Prod_southindia_prod-s01-004-apac-southindia", "migrationStage":"NotStarted", "server":"akswtt02300001e"}}
{"logTime": "1210/091341", "correlationVector":"lbUPRux/yThJ6LCQkKjcEh.2","action":"ProcessGetUpdates", "result":"Done", "context":{"dataType":"History", "deleted":"0", "process_failed_to_decrypt":"0", "process_pending_decryption":"0", "process_success":"250", "total":"250"}}
{"logTime": "1210/091341", "correlationVector":"lbUPRux/yThJ6LCQkKjcEh.3","action":"GetUpdates Response", "result":"Success", "context":Received 250 update(s). cV=lbUPRux/yThJ6LCQkKjcEh.0;server=akswtt02300001e;cloudType=Consumer;environment=Prod_southindia_prod-s01-004-apac-southindia;migrationStage=NotStarted Some updates remain.}
{"logTime": "1210/091341", "correlationVector":"UhdFLXLwdLm2uS2L2fQZ9N","action":"Initial GetUpdates", "result":"", "context":Reason: NEWLY_SUPPORTED_DATATYPE. cV=UhdFLXLwdLm2uS2L2fQZ9N}
{"logTime": "1210/091343", "correlationVector":"UhdFLXLwdLm2uS2L2fQZ9N.1","action":"SyncServerConnectionManagerRequest", "result":"SYNC_SERVER_OK", "context":{"environment":"Prod_southindia_prod-s01-004-apac-southindia", "migrationStage":"NotStarted", "server":"akswtt023000035"}}
{"logTime": "1210/091343", "correlationVector":"UhdFLXLwdLm2uS2L2fQZ9N.2","action":"ProcessGetUpdates", "result":"Done", "context":{"dataType":"History", "deleted":"0", "process_failed_to_decrypt":"0", "process_pending_decryption":"0", "process_success":"250", "total":"250"}}
{"logTime": "1210/091343", "correlationVector":"UhdFLXLwdLm2uS2L2fQZ9N.3","action":"GetUpdates Response", "result":"Success", "context":Received 250 update(s). cV=UhdFLXLwdLm2uS2L2fQZ9N.0;server=akswtt023000035;cloudType=Consumer;environment=Prod_southindia_prod-s01-004-apac-southindia;migrationStage=NotStarted Some updates remain.}
{"logTime": "1210/091343", "correlationVector":"rFGRA5o4XFGoDqurzG3nqX","action":"Initial GetUpdates", "result":"", "context":Reason: NEWLY_SUPPORTED_DATATYPE. cV=rFGRA5o4XFGoDqurzG3nqX}
{"logTime": "1210/091343", "correlationVector":"rFGRA5o4XFGoDqurzG3nqX.1","action":"SyncServerConnectionManagerRequest", "result":"SYNC_SERVER_OK", "context":{"environment":"Prod_southindia_prod-s01-004-apac-southindia", "migrationStage":"NotStarted", "server":"akswtt02300001t"}}
{"logTime": "1210/091343", "correlationVector":"rFGRA5o4XFGoDqurzG3nqX.2","action":"ProcessGetUpdates", "result":"Done", "context":{"dataType":"History", "deleted":"0", "process_failed_to_decrypt":"0", "process_pending_decryption":"0", "process_success":"250", "total":"250"}}
{"logTime": "1210/091343", "correlationVector":"rFGRA5o4XFGoDqurzG3nqX.3","action":"GetUpdates Response", "result":"Success", "context":Received 250 update(s). cV=rFGRA5o4XFGoDqurzG3nqX.0;server=akswtt02300001t;cloudType=Consumer;environment=Prod_southindia_prod-s01-004-apac-southindia;migrationStage=NotStarted Some updates remain.}
{"logTime": "1210/091343", "correlationVector":"FkvmQAT+pUgpn9J2AfLWmG","action":"Initial GetUpdates", "result":"", "context":Reason: NEWLY_SUPPORTED_DATATYPE. cV=FkvmQAT+pUgpn9J2AfLWmG}
{"logTime": "1210/091344", "correlationVector":"FkvmQAT+pUgpn9J2AfLWmG.1","action":"SyncServerConnectionManagerRequest", "result":"SYNC_SERVER_OK", "context":{"environment":"Prod_southindia_prod-s01-004-apac-southindia", "migrationStage":"NotStarted", "server":"akswtt02300000d"}}
{"logTime": "1210/091344", "correlationVector":"FkvmQAT+pUgpn9J2AfLWmG.2","action":"ProcessGetUpdates", "result":"Done", "context":{"dataType":"History", "deleted":"0", "process_failed_to_decrypt":"0", "process_pending_decryption":"0", "process_success":"250", "total":"250"}}
{"logTime": "1210/091344", "correlationVector":"FkvmQAT+pUgpn9J2AfLWmG.3","action":"GetUpdates Response", "result":"Success", "context":Received 250 update(s). cV=FkvmQAT+pUgpn9J2AfLWmG.0;server=akswtt02300000d;cloudType=Consumer;environment=Prod_southindia_prod-s01-004-apac-southindia;migrationStage=NotStarted Some updates remain.}
{"logTime": "1210/091344", "correlationVector":"Gx3kgygcA0+SeKnxl/Zop5","action":"Initial GetUpdates", "result":"", "context":Reason: NEWLY_SUPPORTED_DATATYPE. cV=Gx3kgygcA0+SeKnxl/Zop5}
{"logTime": "1210/091345", "correlationVector":"Gx3kgygcA0+SeKnxl/Zop5.1","action":"SyncServerConnectionManagerRequest", "result":"SYNC_SERVER_OK", "context":{"environment":"Prod_southeastasia_prod-s01-064-apac-southeastasia", "migrationStage":"NotStarted", "server":"akswtt108000007"}}
{"logTime": "1210/091345", "correlationVector":"Gx3kgygcA0+SeKnxl/Zop5.2","action":"ProcessGetUpdates", "result":"Done", "context":{"dataType":"History", "deleted":"65", "process_failed_to_decrypt":"0", "process_pending_decryption":"0", "process_success":"250", "total":"250"}}
{"logTime": "1210/091345", "correlationVector":"Gx3kgygcA0+SeKnxl/Zop5.3","action":"GetUpdates Response", "result":"Success", "context":Received 250 update(s). cV=Gx3kgygcA0+SeKnxl/Zop5.0;server=akswtt108000007;cloudType=Consumer;environment=Prod_southeastasia_prod-s01-064-apac-southeastasia;migrationStage=NotStarted Some updates remain.}
{"logTime": "1210/091345", "correlationVector":"3JXyFGJKJV0LgEBk72x8CV","action":"Initial GetUpdates", "result":"", "context":Reason: NEWLY_SUPPORTED_DATATYPE. cV=3JXyFGJKJV0LgEBk72x8CV}
{"logTime": "1210/091345", "correlationVector":"3JXyFGJKJV0LgEBk72x8CV.1","action":"SyncServerConnectionManagerRequest", "result":"SYNC_SERVER_OK", "context":{"environment":"Prod_southeastasia_prod-s01-064-apac-southeastasia", "migrationStage":"NotStarted", "server":"akswtt10800000b"}}
{"logTime": "1210/091345", "correlationVector":"3JXyFGJKJV0LgEBk72x8CV.2","action":"ProcessGetUpdates", "result":"Done", "context":{"dataType":"History", "deleted":"0", "process_failed_to_decrypt":"0", "process_pending_decryption":"0", "process_success":"218", "total":"218"}}
{"logTime": "1210/091345", "correlationVector":"3JXyFGJKJV0LgEBk72x8CV.3","action":"GetUpdates Response", "result":"Success", "context":Received 218 update(s). cV=3JXyFGJKJV0LgEBk72x8CV.0;server=akswtt10800000b;cloudType=Consumer;environment=Prod_southeastasia_prod-s01-064-apac-southeastasia;migrationStage=NotStarted}
{"logTime": "1210/091345", "correlationVector":"MgWRwP+l8cIohH5yfILnBj","action":"Normal GetUpdate request", "result":"", "context":cV=MgWRwP+l8cIohH5yfILnBj
Nudged types: Bookmarks, Preferences, Extensions, Sessions, Device Info, User Consents, History
Refresh requested types: Bookmarks, Preferences, Passwords, Autofill Profiles, Autofill, Extensions, Sessions, Extension settings, History Delete Directives, Device Info, User Consents, Send Tab To Self, Web Apps, History, Saved Tab Group, WebAuthn Credentials, Collection, Edge E Drop, Edge Hub App Usage, Edge Wallet, Encryption Keys}
{"logTime": "1210/091345", "correlationVector":"MgWRwP+l8cIohH5yfILnBj.1","action":"SyncServerConnectionManagerRequest", "result":"SYNC_SERVER_OK", "context":{"environment":"Prod_southeastasia_prod-s01-064-apac-southeastasia", "migrationStage":"NotStarted", "server":"akswtt10800000k"}}
{"logTime": "1210/091345", "correlationVector":"MgWRwP+l8cIohH5yfILnBj.2","action":"GetUpdates Response", "result":"Success", "context":Received 0 update(s). cV=MgWRwP+l8cIohH5yfILnBj.0;server=akswtt10800000k;cloudType=Consumer;environment=Prod_southeastasia_prod-s01-064-apac-southeastasia;migrationStage=NotStarted}
{"logTime": "1210/091406", "correlationVector":"iVwZ3Zp6zZB0lAT21rW8iN","action":"Commit Request", "result":"", "context":Item count: 12
Contributing types: Bookmarks, Preferences, Extensions, Sessions, Device Info, User Consents, History}
{"logTime": "1210/091407", "correlationVector":"iVwZ3Zp6zZB0lAT21rW8iN.1","action":"SyncServerConnectionManagerRequest", "result":"SYNC_SERVER_OK", "context":{"environment":"Prod_southeastasia_prod-s01-064-apac-southeastasia", "migrationStage":"NotStarted", "server":"akswtt10800000n"}}
{"logTime": "1210/091407", "correlationVector":"iVwZ3Zp6zZB0lAT21rW8iN.2","action":"Commit Response", "result":"Success", "context":Result: Success. cV=iVwZ3Zp6zZB0lAT21rW8iN.0;server=akswtt10800000n;cloudType=Consumer;environment=Prod_southeastasia_prod-s01-064-apac-southeastasia;migrationStage=NotStarted}
{"logTime": "1210/091439", "correlationVector":"NM7o8XAX/yfwBM/LDAn+7N","action":"Commit Request", "result":"", "context":Item count: 4
Contributing types: Bookmarks, Sessions, History}
{"logTime": "1210/091440", "correlationVector":"NM7o8XAX/yfwBM/LDAn+7N.1","action":"SyncServerConnectionManagerRequest", "result":"SYNC_SERVER_OK", "context":{"environment":"Prod_southindia_prod-s01-004-apac-southindia", "migrationStage":"NotStarted", "server":"akswtt02300000z"}}
{"logTime": "1210/091440", "correlationVector":"NM7o8XAX/yfwBM/LDAn+7N.2","action":"Commit Response", "result":"Success", "context":Result: Success. cV=NM7o8XAX/yfwBM/LDAn+7N.0;server=akswtt02300000z;cloudType=Consumer;environment=Prod_southindia_prod-s01-004-apac-southindia;migrationStage=NotStarted}
{"logTime": "1210/091738", "correlationVector":"TyKRGiAjsHARAhxi75EI8Y","action":"Normal GetUpdate request", "result":"", "context":cV=TyKRGiAjsHARAhxi75EI8Y
Nudged types: Bookmarks, Preferences, Sessions, History
Refresh requested types: Bookmarks, Preferences, Passwords, Autofill Profiles, Autofill, Extensions, Sessions, Extension settings, History Delete Directives, Device Info, User Consents, Send Tab To Self, Web Apps, History, Saved Tab Group, WebAuthn Credentials, Collection, Edge E Drop, Edge Hub App Usage, Edge Wallet, Encryption Keys}
{"logTime": "1210/091738", "correlationVector":"TyKRGiAjsHARAhxi75EI8Y.1","action":"SyncServerConnectionManagerRequest", "result":"SYNC_SERVER_OK", "context":{"environment":"Prod_southindia_prod-s01-004-apac-southindia", "migrationStage":"NotStarted", "server":"akswtt023000015"}}
{"logTime": "1210/091738", "correlationVector":"TyKRGiAjsHARAhxi75EI8Y.2","action":"ProcessGetUpdates", "result":"Done", "context":{"dataType":"Bookmarks", "deleted":"0", "process_failed_to_decrypt":"0", "process_pending_decryption":"0", "process_success":"2", "total":"2"}}
{"logTime": "1210/091738", "correlationVector":"TyKRGiAjsHARAhxi75EI8Y.3","action":"ProcessGetUpdates", "result":"Done", "context":{"dataType":"Preferences", "deleted":"0", "process_failed_to_decrypt":"0", "process_pending_decryption":"0", "process_success":"4", "total":"4"}}
{"logTime": "1210/091738", "correlationVector":"TyKRGiAjsHARAhxi75EI8Y.4","action":"ProcessGetUpdates", "result":"Done", "context":{"dataType":"Extensions", "deleted":"0", "process_failed_to_decrypt":"0", "process_pending_decryption":"0", "process_success":"2", "total":"2"}}
{"logTime": "1210/091738", "correlationVector":"TyKRGiAjsHARAhxi75EI8Y.5","action":"ProcessGetUpdates", "result":"Done", "context":{"dataType":"Sessions", "deleted":"5", "process_failed_to_decrypt":"0", "process_pending_decryption":"0", "process_success":"7", "total":"7"}}
{"logTime": "1210/091738", "correlationVector":"TyKRGiAjsHARAhxi75EI8Y.6","action":"ProcessGetUpdates", "result":"Done", "context":{"dataType":"Device Info", "deleted":"0", "process_failed_to_decrypt":"0", "process_pending_decryption":"0", "process_success":"1", "total":"1"}}
{"logTime": "1210/091738", "correlationVector":"TyKRGiAjsHARAhxi75EI8Y.7","action":"ProcessGetUpdates", "result":"Done", "context":{"dataType":"History", "deleted":"0", "process_failed_to_decrypt":"0", "process_pending_decryption":"0", "process_success":"2", "total":"2"}}
{"logTime": "1210/091738", "correlationVector":"TyKRGiAjsHARAhxi75EI8Y.8","action":"GetUpdates Response", "result":"Success", "context":Received 18 update(s). cV=TyKRGiAjsHARAhxi75EI8Y.0;server=akswtt023000015;cloudType=Consumer;environment=Prod_southindia_prod-s01-004-apac-southindia;migrationStage=NotStarted}
{"logTime": "1210/091738", "correlationVector":"yhnGVsI/JfkfeRNL1QGtDQ","action":"Commit Request", "result":"", "context":Item count: 8
Contributing types: Bookmarks, Preferences, Sessions, History}
{"logTime": "1210/091739", "correlationVector":"yhnGVsI/JfkfeRNL1QGtDQ.1","action":"SyncServerConnectionManagerRequest", "result":"SYNC_SERVER_OK", "context":{"environment":"Prod_southindia_prod-s01-004-apac-southindia", "migrationStage":"NotStarted", "server":"akswtt02300001t"}}
{"logTime": "1210/091739", "correlationVector":"yhnGVsI/JfkfeRNL1QGtDQ.2","action":"Commit Response", "result":"Success", "context":Result: Success. cV=yhnGVsI/JfkfeRNL1QGtDQ.0;server=akswtt02300001t;cloudType=Consumer;environment=Prod_southindia_prod-s01-004-apac-southindia;migrationStage=NotStarted}
{"logTime": "1210/091741", "correlationVector":"bOPIYZo2+vXH9pLZRa0x+O","action":"Commit Request", "result":"", "context":Item count: 2
Contributing types: Preferences}
{"logTime": "1210/091742", "correlationVector":"bOPIYZo2+vXH9pLZRa0x+O.1","action":"SyncServerConnectionManagerRequest", "result":"SYNC_SERVER_OK", "context":{"environment":"Prod_southindia_prod-s01-004-apac-southindia", "migrationStage":"NotStarted", "server":"akswtt02300000d"}}
{"logTime": "1210/091742", "correlationVector":"bOPIYZo2+vXH9pLZRa0x+O.2","action":"Commit Response", "result":"Success", "context":Result: Success. cV=bOPIYZo2+vXH9pLZRa0x+O.0;server=akswtt02300000d;cloudType=Consumer;environment=Prod_southindia_prod-s01-004-apac-southindia;migrationStage=NotStarted}
{"logTime": "1210/091746", "correlationVector":"8pmQ6plsEfJYWlD3RDnxLH","action":"Commit Request", "result":"", "context":Item count: 2
Contributing types: Preferences}
{"logTime": "1210/091747", "correlationVector":"8pmQ6plsEfJYWlD3RDnxLH.1","action":"SyncServerConnectionManagerRequest", "result":"SYNC_SERVER_OK", "context":{"environment":"Prod_southindia_prod-s01-004-apac-southindia", "migrationStage":"NotStarted", "server":"akswtt02300000b"}}
{"logTime": "1210/091747", "correlationVector":"8pmQ6plsEfJYWlD3RDnxLH.2","action":"Commit Response", "result":"Success", "context":Result: Success. cV=8pmQ6plsEfJYWlD3RDnxLH.0;server=akswtt02300000b;cloudType=Consumer;environment=Prod_southindia_prod-s01-004-apac-southindia;migrationStage=NotStarted}
{"logTime": "1210/091749", "correlationVector":"Q+CGfMZ8KsYHtFHT7DPvxp","action":"Commit Request", "result":"", "context":Item count: 1
Contributing types: Preferences}
{"logTime": "1210/091749", "correlationVector":"Q+CGfMZ8KsYHtFHT7DPvxp.1","action":"SyncServerConnectionManagerRequest", "result":"SYNC_SERVER_OK", "context":{"environment":"Prod_southindia_prod-s01-004-apac-southindia", "migrationStage":"NotStarted", "server":"akswtt02300000r"}}
{"logTime": "1210/091749", "correlationVector":"Q+CGfMZ8KsYHtFHT7DPvxp.2","action":"Commit Response", "result":"Success", "context":Result: Success. cV=Q+CGfMZ8KsYHtFHT7DPvxp.0;server=akswtt02300000r;cloudType=Consumer;environment=Prod_southindia_prod-s01-004-apac-southindia;migrationStage=NotStarted}
{"logTime": "1210/091857", "correlationVector":"IgAFGQspin2HfOKmSpKwOG","action":"Commit Request", "result":"", "context":Item count: 1
Contributing types: Sessions}
{"logTime": "1210/091857", "correlationVector":"IgAFGQspin2HfOKmSpKwOG.1","action":"SyncServerConnectionManagerRequest", "result":"SYNC_SERVER_OK", "context":{"environment":"Prod_southeastasia_prod-s01-064-apac-southeastasia", "migrationStage":"NotStarted", "server":"akswtt10800000t"}}
{"logTime": "1210/091857", "correlationVector":"IgAFGQspin2HfOKmSpKwOG.2","action":"Commit Response", "result":"Success", "context":Result: Success. cV=IgAFGQspin2HfOKmSpKwOG.0;server=akswtt10800000t;cloudType=Consumer;environment=Prod_southeastasia_prod-s01-064-apac-southeastasia;migrationStage=NotStarted}
{"logTime": "1210/091857", "correlationVector":"IgAFGQspin2HfOKmSpKwOG.3","action":"Commit.Sessions", "result":"Success", "context":{"id":"62f6819b-f12e-4451-a870-fc0c8c723b55", "isDeleted":"true", "size":"0", "version":"1765358256976"}}
{"logTime": "1210/093040", "correlationVector":"CEoEBKjPnby9HeGMqfR2o/","action":"Normal GetUpdate request", "result":"", "context":cV=CEoEBKjPnby9HeGMqfR2o/
Nudged types: Preferences
Refresh requested types: Bookmarks, Preferences, Passwords, Autofill Profiles, Autofill, Extensions, Sessions, Extension settings, History Delete Directives, Device Info, User Consents, Send Tab To Self, Web Apps, History, Saved Tab Group, WebAuthn Credentials, Collection, Edge E Drop, Edge Hub App Usage, Edge Wallet, Encryption Keys}
{"logTime": "1210/093041", "correlationVector":"CEoEBKjPnby9HeGMqfR2o/.1","action":"SyncServerConnectionManagerRequest", "result":"SYNC_SERVER_OK", "context":{"environment":"Prod_southindia_prod-s01-004-apac-southindia", "migrationStage":"NotStarted", "server":"akswtt023000019"}}
{"logTime": "1210/093041", "correlationVector":"CEoEBKjPnby9HeGMqfR2o/.2","action":"ProcessGetUpdates", "result":"Done", "context":{"dataType":"Bookmarks", "deleted":"0", "process_failed_to_decrypt":"0", "process_pending_decryption":"0", "process_success":"1", "total":"1"}}
{"logTime": "1210/093041", "correlationVector":"CEoEBKjPnby9HeGMqfR2o/.3","action":"ProcessGetUpdates", "result":"Done", "context":{"dataType":"Preferences", "deleted":"0", "process_failed_to_decrypt":"0", "process_pending_decryption":"0", "process_success":"4", "total":"4"}}
{"logTime": "1210/093041", "correlationVector":"CEoEBKjPnby9HeGMqfR2o/.4","action":"ProcessGetUpdates", "result":"Done", "context":{"dataType":"Sessions", "deleted":"1", "process_failed_to_decrypt":"0", "process_pending_decryption":"0", "process_success":"2", "total":"2"}}
{"logTime": "1210/093041", "correlationVector":"CEoEBKjPnby9HeGMqfR2o/.5","action":"ProcessGetUpdates", "result":"Done", "context":{"dataType":"History", "deleted":"0", "process_failed_to_decrypt":"0", "process_pending_decryption":"0", "process_success":"3", "total":"3"}}
{"logTime": "1210/093041", "correlationVector":"CEoEBKjPnby9HeGMqfR2o/.6","action":"GetUpdates Response", "result":"Success", "context":Received 10 update(s). cV=CEoEBKjPnby9HeGMqfR2o/.0;server=akswtt023000019;cloudType=Consumer;environment=Prod_southindia_prod-s01-004-apac-southindia;migrationStage=NotStarted}
{"logTime": "1210/093041", "correlationVector":"6TGQZ7Q78cqcTvfCDRnLDX","action":"Commit Request", "result":"", "context":Item count: 2
Contributing types: Preferences}
{"logTime": "1210/093041", "correlationVector":"6TGQZ7Q78cqcTvfCDRnLDX.1","action":"SyncServerConnectionManagerRequest", "result":"SYNC_SERVER_OK", "context":{"environment":"Prod_southindia_prod-s01-004-apac-southindia", "migrationStage":"NotStarted", "server":"akswtt023000026"}}
{"logTime": "1210/093041", "correlationVector":"6TGQZ7Q78cqcTvfCDRnLDX.2","action":"Commit Response", "result":"Success", "context":Result: Success. cV=6TGQZ7Q78cqcTvfCDRnLDX.0;server=akswtt023000026;cloudType=Consumer;environment=Prod_southindia_prod-s01-004-apac-southindia;migrationStage=NotStarted}
{"logTime": "1210/093043", "correlationVector":"rxcMl+LGR2+DvfW7Z0Anti","action":"Commit Request", "result":"", "context":Item count: 2
Contributing types: Preferences}
{"logTime": "1210/093044", "correlationVector":"rxcMl+LGR2+DvfW7Z0Anti.1","action":"SyncServerConnectionManagerRequest", "result":"SYNC_SERVER_OK", "context":{"environment":"Prod_southindia_prod-s01-004-apac-southindia", "migrationStage":"NotStarted", "server":"akswtt02300000a"}}
{"logTime": "1210/093044", "correlationVector":"rxcMl+LGR2+DvfW7Z0Anti.2","action":"Commit Response", "result":"Success", "context":Result: Success. cV=rxcMl+LGR2+DvfW7Z0Anti.0;server=akswtt02300000a;cloudType=Consumer;environment=Prod_southindia_prod-s01-004-apac-southindia;migrationStage=NotStarted}
{"logTime": "1210/093046", "correlationVector":"DhRsHM8C7oapG7VIE6Xg3A","action":"Commit Request", "result":"", "context":Item count: 1
Contributing types: Preferences}
{"logTime": "1210/093046", "correlationVector":"DhRsHM8C7oapG7VIE6Xg3A.1","action":"SyncServerConnectionManagerRequest", "result":"SYNC_SERVER_OK", "context":{"environment":"Prod_southindia_prod-s01-004-apac-southindia", "migrationStage":"NotStarted", "server":"akswtt02300001w"}}
{"logTime": "1210/093046", "correlationVector":"DhRsHM8C7oapG7VIE6Xg3A.2","action":"Commit Response", "result":"Success", "context":Result: Success. cV=DhRsHM8C7oapG7VIE6Xg3A.0;server=akswtt02300001w;cloudType=Consumer;environment=Prod_southindia_prod-s01-004-apac-southindia;migrationStage=NotStarted}
{"logTime": "1210/093238", "correlationVector":"etfp3SFySfviwVW3z/d04O","action":"Commit Request", "result":"", "context":Item count: 4
Contributing types: Bookmarks, Sessions, History}
{"logTime": "1210/093239", "correlationVector":"etfp3SFySfviwVW3z/d04O.1","action":"SyncServerConnectionManagerRequest", "result":"SYNC_SERVER_OK", "context":{"environment":"Prod_southindia_prod-s01-004-apac-southindia", "migrationStage":"NotStarted", "server":"akswtt02300000c"}}
{"logTime": "1210/093239", "correlationVector":"etfp3SFySfviwVW3z/d04O.2","action":"Commit Response", "result":"Success", "context":Result: Success. cV=etfp3SFySfviwVW3z/d04O.0;server=akswtt02300000c;cloudType=Consumer;environment=Prod_southindia_prod-s01-004-apac-southindia;migrationStage=NotStarted}
{"logTime": "1210/093241", "correlationVector":"RGulM5ELX3/4+baHMlZMxL","action":"Commit Request", "result":"", "context":Item count: 2
Contributing types: Bookmarks, Sessions}
{"logTime": "1210/093242", "correlationVector":"RGulM5ELX3/4+baHMlZMxL.1","action":"SyncServerConnectionManagerRequest", "result":"SYNC_SERVER_OK", "context":{"environment":"Prod_southindia_prod-s01-004-apac-southindia", "migrationStage":"NotStarted", "server":"akswtt02300001y"}}
{"logTime": "1210/093242", "correlationVector":"RGulM5ELX3/4+baHMlZMxL.2","action":"Commit Response", "result":"Success", "context":Result: Success. cV=RGulM5ELX3/4+baHMlZMxL.0;server=akswtt02300001y;cloudType=Consumer;environment=Prod_southindia_prod-s01-004-apac-southindia;migrationStage=NotStarted}
{"logTime": "1210/093337", "correlationVector":"6WbbwQkbgwvpAkN2ztdjXX","action":"Commit Request", "result":"", "context":Item count: 4
Contributing types: Autofill, Sessions, History}
{"logTime": "1210/093337", "correlationVector":"6WbbwQkbgwvpAkN2ztdjXX.1","action":"SyncServerConnectionManagerRequest", "result":"SYNC_SERVER_OK", "context":{"environment":"Prod_southindia_prod-s01-004-apac-southindia", "migrationStage":"NotStarted", "server":"akswtt02300001b"}}
{"logTime": "1210/093337", "correlationVector":"6WbbwQkbgwvpAkN2ztdjXX.2","action":"Commit Response", "result":"Success", "context":Result: Success. cV=6WbbwQkbgwvpAkN2ztdjXX.0;server=akswtt02300001b;cloudType=Consumer;environment=Prod_southindia_prod-s01-004-apac-southindia;migrationStage=NotStarted}
{"logTime": "1210/094913", "correlationVector":"c/lzPCQieb32nuKpsERjUz","action":"Commit Request", "result":"", "context":Item count: 1
Contributing types: Extensions}
{"logTime": "1210/094913", "correlationVector":"c/lzPCQieb32nuKpsERjUz.1","action":"SyncServerConnectionManagerRequest", "result":"SYNC_SERVER_OK", "context":{"environment":"Prod_southindia_prod-s01-004-apac-southindia", "migrationStage":"NotStarted", "server":"akswtt02300001b"}}
{"logTime": "1210/094913", "correlationVector":"c/lzPCQieb32nuKpsERjUz.2","action":"Commit Response", "result":"Success", "context":Result: Success. cV=c/lzPCQieb32nuKpsERjUz.0;server=akswtt02300001b;cloudType=Consumer;environment=Prod_southindia_prod-s01-004-apac-southindia;migrationStage=NotStarted}
{"logTime": "1210/095014", "correlationVector":"lfHg4jg6Juj46tfsNUfEjY","action":"Commit Request", "result":"", "context":Item count: 3
Contributing types: Sessions, History}
{"logTime": "1210/095015", "correlationVector":"lfHg4jg6Juj46tfsNUfEjY.1","action":"SyncServerConnectionManagerRequest", "result":"SYNC_SERVER_OK", "context":{"environment":"Prod_southeastasia_prod-s01-065-apac-southeastasia", "migrationStage":"NotStarted", "server":"akswtt10800000x"}}
{"logTime": "1210/095015", "correlationVector":"lfHg4jg6Juj46tfsNUfEjY.2","action":"Commit Response", "result":"Success", "context":Result: Success. cV=lfHg4jg6Juj46tfsNUfEjY.0;server=akswtt10800000x;cloudType=Consumer;environment=Prod_southeastasia_prod-s01-065-apac-southeastasia;migrationStage=NotStarted}
{"logTime": "1211/034522", "correlationVector":"FUFxNSffKYtvZC2jaZsToZ","action":"Normal GetUpdate request", "result":"", "context":cV=FUFxNSffKYtvZC2jaZsToZ
Nudged types: Preferences, Sessions, History
Refresh requested types: Bookmarks, Preferences, Passwords, Autofill Profiles, Autofill, Extensions, Sessions, Extension settings, History Delete Directives, Device Info, User Consents, Send Tab To Self, Web Apps, History, Saved Tab Group, WebAuthn Credentials, Collection, Edge E Drop, Edge Hub App Usage, Edge Wallet, Encryption Keys}
{"logTime": "1211/034522", "correlationVector":"FUFxNSffKYtvZC2jaZsToZ.1","action":"SyncServerConnectionManagerRequest", "result":"SYNC_SERVER_OK", "context":{"environment":"Prod_southindia_prod-s01-004-apac-southindia", "migrationStage":"NotStarted", "server":"akswtt02300000r"}}
{"logTime": "1211/034522", "correlationVector":"FUFxNSffKYtvZC2jaZsToZ.2","action":"ProcessGetUpdates", "result":"Done", "context":{"dataType":"Bookmarks", "deleted":"0", "process_failed_to_decrypt":"0", "process_pending_decryption":"0", "process_success":"1", "total":"1"}}
{"logTime": "1211/034522", "correlationVector":"FUFxNSffKYtvZC2jaZsToZ.3","action":"ProcessGetUpdates", "result":"Done", "context":{"dataType":"Preferences", "deleted":"0", "process_failed_to_decrypt":"0", "process_pending_decryption":"0", "process_success":"3", "total":"3"}}
{"logTime": "1211/034522", "correlationVector":"FUFxNSffKYtvZC2jaZsToZ.4","action":"ProcessGetUpdates", "result":"Done", "context":{"dataType":"Autofill", "deleted":"0", "process_failed_to_decrypt":"0", "process_pending_decryption":"0", "process_success":"1", "total":"1"}}
{"logTime": "1211/034522", "correlationVector":"FUFxNSffKYtvZC2jaZsToZ.5","action":"ProcessGetUpdates", "result":"Done", "context":{"dataType":"Extensions", "deleted":"0", "process_failed_to_decrypt":"0", "process_pending_decryption":"0", "process_success":"1", "total":"1"}}
{"logTime": "1211/034522", "correlationVector":"FUFxNSffKYtvZC2jaZsToZ.6","action":"ProcessGetUpdates", "result":"Done", "context":{"dataType":"Sessions", "deleted":"0", "process_failed_to_decrypt":"0", "process_pending_decryption":"0", "process_success":"4", "total":"4"}}
{"logTime": "1211/034522", "correlationVector":"FUFxNSffKYtvZC2jaZsToZ.7","action":"ProcessGetUpdates", "result":"Done", "context":{"dataType":"Device Info", "deleted":"0", "process_failed_to_decrypt":"0", "process_pending_decryption":"0", "process_success":"1", "total":"1"}}
{"logTime": "1211/034522", "correlationVector":"FUFxNSffKYtvZC2jaZsToZ.8","action":"ProcessGetUpdates", "result":"Done", "context":{"dataType":"History", "deleted":"0", "process_failed_to_decrypt":"0", "process_pending_decryption":"0", "process_success":"7", "total":"7"}}
{"logTime": "1211/034522", "correlationVector":"FUFxNSffKYtvZC2jaZsToZ.9","action":"GetUpdates Response", "result":"Success", "context":Received 18 update(s). cV=FUFxNSffKYtvZC2jaZsToZ.0;server=akswtt02300000r;cloudType=Consumer;environment=Prod_southindia_prod-s01-004-apac-southindia;migrationStage=NotStarted}
{"logTime": "1211/034522", "correlationVector":"BdtNIOdrnEy5buXdIQ6oMZ","action":"Commit Request", "result":"", "context":Item count: 5
Contributing types: Preferences, Sessions, History}
{"logTime": "1211/034523", "correlationVector":"BdtNIOdrnEy5buXdIQ6oMZ.1","action":"SyncServerConnectionManagerRequest", "result":"SYNC_SERVER_OK", "context":{"environment":"Prod_southindia_prod-s01-004-apac-southindia", "migrationStage":"NotStarted", "server":"akswtt02300001l"}}
{"logTime": "1211/034523", "correlationVector":"BdtNIOdrnEy5buXdIQ6oMZ.3","action":"Commit.Sessions", "result":"Success", "context":{"id":"058deede-4e21-415c-9f2e-80bef04009b2", "isDeleted":"true", "size":"0", "version":"1765360212618"}}
{"logTime": "1211/034523", "correlationVector":"BdtNIOdrnEy5buXdIQ6oMZ.2","action":"Commit Response", "result":"Success", "context":Result: Success. cV=BdtNIOdrnEy5buXdIQ6oMZ.0;server=akswtt02300001l;cloudType=Consumer;environment=Prod_southindia_prod-s01-004-apac-southindia;migrationStage=NotStarted}
{"logTime": "1211/034523", "correlationVector":"GbKpUr/Fa11JdfIwrc8Wc/","action":"Poll GetUpdate request", "result":"", "context":cV=GbKpUr/Fa11JdfIwrc8Wc/}
{"logTime": "1211/034529", "correlationVector":"GbKpUr/Fa11JdfIwrc8Wc/.1","action":"SyncServerConnectionManagerRequest", "result":"SYNC_SERVER_OK", "context":{"environment":"Prod_southindia_prod-s01-004-apac-southindia", "migrationStage":"NotStarted", "server":"akswtt023000029"}}
{"logTime": "1211/034529", "correlationVector":"GbKpUr/Fa11JdfIwrc8Wc/.2","action":"ProcessGetUpdates", "result":"Done", "context":{"dataType":"Preferences", "deleted":"0", "process_failed_to_decrypt":"0", "process_pending_decryption":"0", "process_success":"2", "total":"2"}}
{"logTime": "1211/034529", "correlationVector":"GbKpUr/Fa11JdfIwrc8Wc/.3","action":"ProcessGetUpdates", "result":"Done", "context":{"dataType":"Sessions", "deleted":"1", "process_failed_to_decrypt":"0", "process_pending_decryption":"0", "process_success":"2", "total":"2"}}
{"logTime": "1211/034529", "correlationVector":"GbKpUr/Fa11JdfIwrc8Wc/.4","action":"ProcessGetUpdates", "result":"Done", "context":{"dataType":"History", "deleted":"0", "process_failed_to_decrypt":"0", "process_pending_decryption":"0", "process_success":"1", "total":"1"}}
{"logTime": "1211/034529", "correlationVector":"GbKpUr/Fa11JdfIwrc8Wc/.5","action":"GetUpdates Response", "result":"Success", "context":Received 5 update(s). cV=GbKpUr/Fa11JdfIwrc8Wc/.0;server=akswtt023000029;cloudType=Consumer;environment=Prod_southindia_prod-s01-004-apac-southindia;migrationStage=NotStarted}
{"logTime": "1211/034529", "correlationVector":"mUNAszpDH7dYx7yPdkvCf1","action":"DoCompareDataConsistency: ", "result":"has local changes and skip compare"}
{"logTime": "1211/034529", "correlationVector":"00UuFG+IKy06cB1gjfSSpo","action":"Commit Request", "result":"", "context":Item count: 2
Contributing types: Preferences}
{"logTime": "1211/034529", "correlationVector":"00UuFG+IKy06cB1gjfSSpo.1","action":"SyncServerConnectionManagerRequest", "result":"SYNC_SERVER_OK", "context":{"environment":"Prod_southindia_prod-s01-004-apac-southindia", "migrationStage":"NotStarted", "server":"akswtt02300001g"}}
{"logTime": "1211/034529", "correlationVector":"00UuFG+IKy06cB1gjfSSpo.2","action":"Commit Response", "result":"Success", "context":Result: Success. cV=00UuFG+IKy06cB1gjfSSpo.0;server=akswtt02300001g;cloudType=Consumer;environment=Prod_southindia_prod-s01-004-apac-southindia;migrationStage=NotStarted}
{"logTime": "1211/034540", "correlationVector":"suOoJxmEi/NsKvSUm6fkQi","action":"Commit Request", "result":"", "context":Item count: 1
Contributing types: Preferences}
{"logTime": "1211/034540", "correlationVector":"suOoJxmEi/NsKvSUm6fkQi.1","action":"SyncServerConnectionManagerRequest", "result":"SYNC_SERVER_OK", "context":{"environment":"Prod_southindia_prod-s01-004-apac-southindia", "migrationStage":"NotStarted", "server":"akswtt02300000g"}}
{"logTime": "1211/034540", "correlationVector":"suOoJxmEi/NsKvSUm6fkQi.2","action":"Commit Response", "result":"Success", "context":Result: Success. cV=suOoJxmEi/NsKvSUm6fkQi.0;server=akswtt02300000g;cloudType=Consumer;environment=Prod_southindia_prod-s01-004-apac-southindia;migrationStage=NotStarted}
{"logTime": "1211/034634", "correlationVector":"60ktULZ2H/fNn2EK4Dx1HW","action":"Commit Request", "result":"", "context":Item count: 8
Contributing types: Preferences, Sessions, Device Info, History}
{"logTime": "1211/034635", "correlationVector":"60ktULZ2H/fNn2EK4Dx1HW.1","action":"SyncServerConnectionManagerRequest", "result":"SYNC_SERVER_OK", "context":{"environment":"Prod_southindia_prod-s01-004-apac-southindia", "migrationStage":"NotStarted", "server":"akswtt02300001p"}}
{"logTime": "1211/034635", "correlationVector":"60ktULZ2H/fNn2EK4Dx1HW.2","action":"Commit Response", "result":"Success", "context":Result: Success. cV=60ktULZ2H/fNn2EK4Dx1HW.0;server=akswtt02300001p;cloudType=Consumer;environment=Prod_southindia_prod-s01-004-apac-southindia;migrationStage=NotStarted}
{"logTime": "1211/034637", "correlationVector":"QL4XifQv2SzeXNcqVzOnHU","action":"Commit Request", "result":"", "context":Item count: 2
Contributing types: Sessions, History}
{"logTime": "1211/034638", "correlationVector":"QL4XifQv2SzeXNcqVzOnHU.1","action":"SyncServerConnectionManagerRequest", "result":"SYNC_SERVER_OK", "context":{"environment":"Prod_southindia_prod-s01-004-apac-southindia", "migrationStage":"NotStarted", "server":"akswtt023000027"}}
{"logTime": "1211/034638", "correlationVector":"QL4XifQv2SzeXNcqVzOnHU.2","action":"Commit Response", "result":"Success", "context":Result: Success. cV=QL4XifQv2SzeXNcqVzOnHU.0;server=akswtt023000027;cloudType=Consumer;environment=Prod_southindia_prod-s01-004-apac-southindia;migrationStage=NotStarted}
{"logTime": "1211/035222", "correlationVector":"4YeNqj3yvjERA4v50dyL/R","action":"Commit Request", "result":"", "context":Item count: 1
Contributing types: Sessions}
{"logTime": "1211/035222", "correlationVector":"4YeNqj3yvjERA4v50dyL/R.1","action":"SyncServerConnectionManagerRequest", "result":"SYNC_SERVER_OK", "context":{"environment":"Prod_southindia_prod-s01-004-apac-southindia", "migrationStage":"NotStarted", "server":"akswtt02300001b"}}
{"logTime": "1211/035222", "correlationVector":"4YeNqj3yvjERA4v50dyL/R.3","action":"Commit.Sessions", "result":"Success", "context":{"id":"a5507224-29d8-41e6-bf50-be68d5e61750", "isDeleted":"true", "size":"0", "version":"1765424791589"}}
{"logTime": "1211/035222", "correlationVector":"4YeNqj3yvjERA4v50dyL/R.2","action":"Commit Response", "result":"Success", "context":Result: Success. cV=4YeNqj3yvjERA4v50dyL/R.0;server=akswtt02300001b;cloudType=Consumer;environment=Prod_southindia_prod-s01-004-apac-southindia;migrationStage=NotStarted}
{"logTime": "1211/035312", "correlationVector":"LFUS/eELgWC80cHmaxYsQ+","action":"Commit Request", "result":"", "context":Item count: 3
Contributing types: Preferences, Sessions}
{"logTime": "1211/035312", "correlationVector":"LFUS/eELgWC80cHmaxYsQ+.1","action":"SyncServerConnectionManagerRequest", "result":"SYNC_SERVER_OK", "context":{"environment":"Prod_southindia_prod-s01-004-apac-southindia", "migrationStage":"NotStarted", "server":"akswtt02300000z"}}
{"logTime": "1211/035312", "correlationVector":"LFUS/eELgWC80cHmaxYsQ+.2","action":"Commit Response", "result":"Success", "context":Result: Success. cV=LFUS/eELgWC80cHmaxYsQ+.0;server=akswtt02300000z;cloudType=Consumer;environment=Prod_southindia_prod-s01-004-apac-southindia;migrationStage=NotStarted}
{"logTime": "1211/035318", "correlationVector":"UkbQArne5IO37Dcjm62zOJ","action":"Commit Request", "result":"", "context":Item count: 1
Contributing types: Preferences}
{"logTime": "1211/035319", "correlationVector":"UkbQArne5IO37Dcjm62zOJ.1","action":"SyncServerConnectionManagerRequest", "result":"SYNC_SERVER_OK", "context":{"environment":"Prod_southindia_prod-s01-004-apac-southindia", "migrationStage":"NotStarted", "server":"akswtt02300002o"}}
{"logTime": "1211/035319", "correlationVector":"UkbQArne5IO37Dcjm62zOJ.2","action":"Commit Response", "result":"Success", "context":Result: Success. cV=UkbQArne5IO37Dcjm62zOJ.0;server=akswtt02300002o;cloudType=Consumer;environment=Prod_southindia_prod-s01-004-apac-southindia;migrationStage=NotStarted}
{"logTime": "1211/035322", "correlationVector":"UeHsKnHEDMvOkr5Wi1DnpK","action":"Commit Request", "result":"", "context":Item count: 2
Contributing types: Preferences, Sessions}
{"logTime": "1211/035322", "correlationVector":"UeHsKnHEDMvOkr5Wi1DnpK.1","action":"SyncServerConnectionManagerRequest", "result":"SYNC_SERVER_OK", "context":{"environment":"Prod_southindia_prod-s01-004-apac-southindia", "migrationStage":"NotStarted", "server":"akswtt02300002h"}}
{"logTime": "1211/035322", "correlationVector":"UeHsKnHEDMvOkr5Wi1DnpK.3","action":"Commit.Sessions", "result":"Success", "context":{"id":"81e7d6eb-c2a7-4896-9187-68b86f006b69", "isDeleted":"true", "size":"0", "version":"1765425188775"}}
{"logTime": "1211/035322", "correlationVector":"UeHsKnHEDMvOkr5Wi1DnpK.2","action":"Commit Response", "result":"Success", "context":Result: Success. cV=UeHsKnHEDMvOkr5Wi1DnpK.0;server=akswtt02300002h;cloudType=Consumer;environment=Prod_southindia_prod-s01-004-apac-southindia;migrationStage=NotStarted}
{"logTime": "1211/035340", "correlationVector":"lE3029iadbGc9x7EwQDOZP","action":"Commit Request", "result":"", "context":Item count: 1
Contributing types: Preferences}
{"logTime": "1211/035341", "correlationVector":"lE3029iadbGc9x7EwQDOZP.1","action":"SyncServerConnectionManagerRequest", "result":"SYNC_SERVER_OK", "context":{"environment":"Prod_southindia_prod-s01-004-apac-southindia", "migrationStage":"NotStarted", "server":"akswtt02300002r"}}
{"logTime": "1211/035341", "correlationVector":"lE3029iadbGc9x7EwQDOZP.2","action":"Commit Response", "result":"Success", "context":Result: Success. cV=lE3029iadbGc9x7EwQDOZP.0;server=akswtt02300002r;cloudType=Consumer;environment=Prod_southindia_prod-s01-004-apac-southindia;migrationStage=NotStarted}
{"logTime": "1211/035343", "correlationVector":"C+e6ztt+yFvXYcB0vWBFJ4","action":"Commit Request", "result":"", "context":Item count: 1
Contributing types: Preferences}
{"logTime": "1211/035343", "correlationVector":"C+e6ztt+yFvXYcB0vWBFJ4.1","action":"SyncServerConnectionManagerRequest", "result":"SYNC_SERVER_OK", "context":{"environment":"Prod_southindia_prod-s01-004-apac-southindia", "migrationStage":"NotStarted", "server":"akswtt02300001v"}}
{"logTime": "1211/035343", "correlationVector":"C+e6ztt+yFvXYcB0vWBFJ4.2","action":"Commit Response", "result":"Success", "context":Result: Success. cV=C+e6ztt+yFvXYcB0vWBFJ4.0;server=akswtt02300001v;cloudType=Consumer;environment=Prod_southindia_prod-s01-004-apac-southindia;migrationStage=NotStarted}
{"logTime": "1211/035346", "correlationVector":"0ZPRo+8YHrSqP5YtOR0KGW","action":"Commit Request", "result":"", "context":Item count: 2
Contributing types: Preferences}
{"logTime": "1211/035346", "correlationVector":"0ZPRo+8YHrSqP5YtOR0KGW.1","action":"SyncServerConnectionManagerRequest", "result":"SYNC_SERVER_OK", "context":{"environment":"Prod_southindia_prod-s01-004-apac-southindia", "migrationStage":"NotStarted", "server":"akswtt023000029"}}
{"logTime": "1211/035346", "correlationVector":"0ZPRo+8YHrSqP5YtOR0KGW.2","action":"Commit Response", "result":"Success", "context":Result: Success. cV=0ZPRo+8YHrSqP5YtOR0KGW.0;server=akswtt023000029;cloudType=Consumer;environment=Prod_southindia_prod-s01-004-apac-southindia;migrationStage=NotStarted}
{"logTime": "1211/035359", "correlationVector":"tn/qFbpBe6VXnCqBXk7WzS","action":"Commit Request", "result":"", "context":Item count: 2
Contributing types: Preferences}
{"logTime": "1211/035359", "correlationVector":"tn/qFbpBe6VXnCqBXk7WzS.1","action":"SyncServerConnectionManagerRequest", "result":"SYNC_SERVER_OK", "context":{"environment":"Prod_southindia_prod-s01-004-apac-southindia", "migrationStage":"NotStarted", "server":"akswtt02300002o"}}
{"logTime": "1211/035359", "correlationVector":"tn/qFbpBe6VXnCqBXk7WzS.2","action":"Commit Response", "result":"Success", "context":Result: Success. cV=tn/qFbpBe6VXnCqBXk7WzS.0;server=akswtt02300002o;cloudType=Consumer;environment=Prod_southindia_prod-s01-004-apac-southindia;migrationStage=NotStarted}
{"logTime": "1211/035525", "correlationVector":"ju3YMSSRdujfhkjbtBSlCq","action":"Commit Request", "result":"", "context":Item count: 1
Contributing types: Preferences}
{"logTime": "1211/035530", "correlationVector":"ju3YMSSRdujfhkjbtBSlCq.1","action":"SyncServerConnectionManagerRequest", "result":"SYNC_SERVER_OK", "context":{"environment":"Prod_southindia_prod-s01-004-apac-southindia", "migrationStage":"NotStarted", "server":"akswtt023000020"}}
{"logTime": "1211/035530", "correlationVector":"ju3YMSSRdujfhkjbtBSlCq.2","action":"Commit Response", "result":"Success", "context":Result: Success. cV=ju3YMSSRdujfhkjbtBSlCq.0;server=akswtt023000020;cloudType=Consumer;environment=Prod_southindia_prod-s01-004-apac-southindia;migrationStage=NotStarted}
{"logTime": "1211/035635", "correlationVector":"lFq6hyf3wdQais6e+e5A7y","action":"Commit Request", "result":"", "context":Item count: 3
Contributing types: Preferences, Sessions}
{"logTime": "1211/035635", "correlationVector":"lFq6hyf3wdQais6e+e5A7y.1","action":"SyncServerConnectionManagerRequest", "result":"SYNC_SERVER_OK", "context":{"environment":"Prod_southindia_prod-s01-004-apac-southindia", "migrationStage":"NotStarted", "server":"akswtt02300001v"}}
{"logTime": "1211/035635", "correlationVector":"lFq6hyf3wdQais6e+e5A7y.2","action":"Commit Response", "result":"Success", "context":Result: Success. cV=lFq6hyf3wdQais6e+e5A7y.0;server=akswtt02300001v;cloudType=Consumer;environment=Prod_southindia_prod-s01-004-apac-southindia;migrationStage=NotStarted}
{"logTime": "1211/035637", "correlationVector":"J28BdB4vFpUfBNvay6UjPp","action":"Commit Request", "result":"", "context":Item count: 2
Contributing types: Preferences, Sessions}
{"logTime": "1211/035638", "correlationVector":"J28BdB4vFpUfBNvay6UjPp.1","action":"SyncServerConnectionManagerRequest", "result":"SYNC_SERVER_OK", "context":{"environment":"Prod_southindia_prod-s01-004-apac-southindia", "migrationStage":"NotStarted", "server":"akswtt02300000h"}}
{"logTime": "1211/035638", "correlationVector":"J28BdB4vFpUfBNvay6UjPp.2","action":"Commit Response", "result":"Success", "context":Result: Success. cV=J28BdB4vFpUfBNvay6UjPp.0;server=akswtt02300000h;cloudType=Consumer;environment=Prod_southindia_prod-s01-004-apac-southindia;migrationStage=NotStarted}
{"logTime": "1211/035640", "correlationVector":"9OR/cn4P9lWxfH+89l8UH8","action":"Commit Request", "result":"", "context":Item count: 3
Contributing types: Preferences, Sessions}
{"logTime": "1211/035641", "correlationVector":"9OR/cn4P9lWxfH+89l8UH8.1","action":"SyncServerConnectionManagerRequest", "result":"SYNC_SERVER_OK", "context":{"environment":"Prod_southindia_prod-s01-004-apac-southindia", "migrationStage":"NotStarted", "server":"akswtt02300000c"}}
{"logTime": "1211/035641", "correlationVector":"9OR/cn4P9lWxfH+89l8UH8.2","action":"Commit Response", "result":"Success", "context":Result: Success. cV=9OR/cn4P9lWxfH+89l8UH8.0;server=akswtt02300000c;cloudType=Consumer;environment=Prod_southindia_prod-s01-004-apac-southindia;migrationStage=NotStarted}
{"logTime": "1211/035653", "correlationVector":"cS+mdX9p7M3/WYgy15RIak","action":"Commit Request", "result":"", "context":Item count: 1
Contributing types: Preferences}
{"logTime": "1211/035653", "correlationVector":"cS+mdX9p7M3/WYgy15RIak.1","action":"SyncServerConnectionManagerRequest", "result":"SYNC_SERVER_OK", "context":{"environment":"Prod_southindia_prod-s01-004-apac-southindia", "migrationStage":"NotStarted", "server":"akswtt023000000"}}
{"logTime": "1211/035653", "correlationVector":"cS+mdX9p7M3/WYgy15RIak.2","action":"Commit Response", "result":"Success", "context":Result: Success. cV=cS+mdX9p7M3/WYgy15RIak.0;server=akswtt023000000;cloudType=Consumer;environment=Prod_southindia_prod-s01-004-apac-southindia;migrationStage=NotStarted}
{"logTime": "1211/035703", "correlationVector":"7HaKAH7PLX7000YgQ4aJCP","action":"Commit Request", "result":"", "context":Item count: 2
Contributing types: Preferences, Sessions}
{"logTime": "1211/035703", "correlationVector":"7HaKAH7PLX7000YgQ4aJCP.1","action":"SyncServerConnectionManagerRequest", "result":"SYNC_SERVER_OK", "context":{"environment":"Prod_southindia_prod-s01-004-apac-southindia", "migrationStage":"NotStarted", "server":"akswtt02300001w"}}
{"logTime": "1211/035703", "correlationVector":"7HaKAH7PLX7000YgQ4aJCP.2","action":"Commit Response", "result":"Success", "context":Result: Success. cV=7HaKAH7PLX7000YgQ4aJCP.0;server=akswtt02300001w;cloudType=Consumer;environment=Prod_southindia_prod-s01-004-apac-southindia;migrationStage=NotStarted}
{"logTime": "1211/035705", "correlationVector":"k9j3ksAiZNtERpIquZ9SsX","action":"Commit Request", "result":"", "context":Item count: 2
Contributing types: Preferences}
{"logTime": "1211/035706", "correlationVector":"k9j3ksAiZNtERpIquZ9SsX.1","action":"SyncServerConnectionManagerRequest", "result":"SYNC_SERVER_OK", "context":{"environment":"Prod_southindia_prod-s01-004-apac-southindia", "migrationStage":"NotStarted", "server":"akswtt02300001j"}}
{"logTime": "1211/035706", "correlationVector":"k9j3ksAiZNtERpIquZ9SsX.2","action":"Commit Response", "result":"Success", "context":Result: Success. cV=k9j3ksAiZNtERpIquZ9SsX.0;server=akswtt02300001j;cloudType=Consumer;environment=Prod_southindia_prod-s01-004-apac-southindia;migrationStage=NotStarted}
{"logTime": "1211/035712", "correlationVector":"8u025Jj33kVRMixi1yzOwE","action":"Commit Request", "result":"", "context":Item count: 5
Contributing types: Preferences, Sessions, History}
{"logTime": "1211/035712", "correlationVector":"8u025Jj33kVRMixi1yzOwE.1","action":"SyncServerConnectionManagerRequest", "result":"SYNC_SERVER_OK", "context":{"environment":"Prod_southindia_prod-s01-004-apac-southindia", "migrationStage":"NotStarted", "server":"akswtt023000018"}}
{"logTime": "1211/035712", "correlationVector":"8u025Jj33kVRMixi1yzOwE.2","action":"Commit Response", "result":"Success", "context":Result: Success. cV=8u025Jj33kVRMixi1yzOwE.0;server=akswtt023000018;cloudType=Consumer;environment=Prod_southindia_prod-s01-004-apac-southindia;migrationStage=NotStarted}
{"logTime": "1211/035725", "correlationVector":"Myw9UkihBt1sHN8OEctQFE","action":"Commit Request", "result":"", "context":Item count: 3
Contributing types: Preferences, Sessions, History}
{"logTime": "1211/035725", "correlationVector":"Myw9UkihBt1sHN8OEctQFE.1","action":"SyncServerConnectionManagerRequest", "result":"SYNC_SERVER_OK", "context":{"environment":"Prod_southindia_prod-s01-004-apac-southindia", "migrationStage":"NotStarted", "server":"akswtt02300001p"}}
{"logTime": "1211/035725", "correlationVector":"Myw9UkihBt1sHN8OEctQFE.2","action":"Commit Response", "result":"Success", "context":Result: Success. cV=Myw9UkihBt1sHN8OEctQFE.0;server=akswtt02300001p;cloudType=Consumer;environment=Prod_southindia_prod-s01-004-apac-southindia;migrationStage=NotStarted}
{"logTime": "1211/035831", "correlationVector":"PKsciLMK4IXQoP+lhQlxmd","action":"Commit Request", "result":"", "context":Item count: 1
Contributing types: Sessions}
{"logTime": "1211/035831", "correlationVector":"PKsciLMK4IXQoP+lhQlxmd.1","action":"SyncServerConnectionManagerRequest", "result":"SYNC_SERVER_OK", "context":{"environment":"Prod_southindia_prod-s01-004-apac-southindia", "migrationStage":"NotStarted", "server":"akswtt02300000a"}}
{"logTime": "1211/035831", "correlationVector":"PKsciLMK4IXQoP+lhQlxmd.3","action":"Commit.Sessions", "result":"Success", "context":{"id":"aa5ea831-c6db-4b19-8e87-fbdc022aaa32", "isDeleted":"true", "size":"0", "version":"1765425428936"}}
{"logTime": "1211/035831", "correlationVector":"PKsciLMK4IXQoP+lhQlxmd.2","action":"Commit Response", "result":"Success", "context":Result: Success. cV=PKsciLMK4IXQoP+lhQlxmd.0;server=akswtt02300000a;cloudType=Consumer;environment=Prod_southindia_prod-s01-004-apac-southindia;migrationStage=NotStarted}
{"logTime": "1211/045602", "correlationVector":"bHwv3wOg5ZyWfN8mGmOnQ1","action":"Normal GetUpdate request", "result":"", "context":cV=bHwv3wOg5ZyWfN8mGmOnQ1
Nudged types: Preferences
Refresh requested types: Bookmarks, Preferences, Passwords, Autofill Profiles, Autofill, Extensions, Sessions, Extension settings, History Delete Directives, Device Info, User Consents, Send Tab To Self, Web Apps, History, Saved Tab Group, WebAuthn Credentials, Collection, Edge E Drop, Edge Hub App Usage, Edge Wallet, Encryption Keys}
{"logTime": "1211/045603", "correlationVector":"bHwv3wOg5ZyWfN8mGmOnQ1.1","action":"SyncServerConnectionManagerRequest", "result":"SYNC_SERVER_OK", "context":{"environment":"Prod_southindia_prod-s01-004-apac-southindia", "migrationStage":"NotStarted", "server":"akswtt02300002z"}}
{"logTime": "1211/045603", "correlationVector":"bHwv3wOg5ZyWfN8mGmOnQ1.2","action":"ProcessGetUpdates", "result":"Done", "context":{"dataType":"Preferences", "deleted":"0", "process_failed_to_decrypt":"0", "process_pending_decryption":"0", "process_success":"7", "total":"7"}}
{"logTime": "1211/045603", "correlationVector":"bHwv3wOg5ZyWfN8mGmOnQ1.3","action":"ProcessGetUpdates", "result":"Done", "context":{"dataType":"Sessions", "deleted":"3", "process_failed_to_decrypt":"0", "process_pending_decryption":"0", "process_success":"6", "total":"6"}}
{"logTime": "1211/045603", "correlationVector":"bHwv3wOg5ZyWfN8mGmOnQ1.4","action":"ProcessGetUpdates", "result":"Done", "context":{"dataType":"History Delete Directives", "deleted":"0", "process_failed_to_decrypt":"0", "process_pending_decryption":"0", "process_success":"1", "total":"1"}}
{"logTime": "1211/045603", "correlationVector":"bHwv3wOg5ZyWfN8mGmOnQ1.5","action":"ProcessGetUpdates", "result":"Done", "context":{"dataType":"Device Info", "deleted":"0", "process_failed_to_decrypt":"0", "process_pending_decryption":"0", "process_success":"1", "total":"1"}}
{"logTime": "1211/045603", "correlationVector":"bHwv3wOg5ZyWfN8mGmOnQ1.6","action":"ProcessGetUpdates", "result":"Done", "context":{"dataType":"History", "deleted":"0", "process_failed_to_decrypt":"0", "process_pending_decryption":"0", "process_success":"10", "total":"10"}}
{"logTime": "1211/045603", "correlationVector":"bHwv3wOg5ZyWfN8mGmOnQ1.7","action":"GetUpdates Response", "result":"Success", "context":Received 25 update(s). cV=bHwv3wOg5ZyWfN8mGmOnQ1.0;server=akswtt02300002z;cloudType=Consumer;environment=Prod_southindia_prod-s01-004-apac-southindia;migrationStage=NotStarted}
{"logTime": "1211/045603", "correlationVector":"scTByZlub1BBCmKUJVxhHF","action":"Commit Request", "result":"", "context":Item count: 3
Contributing types: Preferences}
{"logTime": "1211/045603", "correlationVector":"scTByZlub1BBCmKUJVxhHF.1","action":"SyncServerConnectionManagerRequest", "result":"SYNC_SERVER_OK", "context":{"environment":"Prod_southindia_prod-s01-004-apac-southindia", "migrationStage":"NotStarted", "server":"akswtt023000028"}}
{"logTime": "1211/045603", "correlationVector":"scTByZlub1BBCmKUJVxhHF.2","action":"Commit Response", "result":"Success", "context":Result: Success. cV=scTByZlub1BBCmKUJVxhHF.0;server=akswtt023000028;cloudType=Consumer;environment=Prod_southindia_prod-s01-004-apac-southindia;migrationStage=NotStarted}
{"logTime": "1211/045605", "correlationVector":"uuOlWYZY/FFlbm9FdvHuvf","action":"Commit Request", "result":"", "context":Item count: 2
Contributing types: Preferences}
{"logTime": "1211/045605", "correlationVector":"uuOlWYZY/FFlbm9FdvHuvf.1","action":"SyncServerConnectionManagerRequest", "result":"SYNC_SERVER_OK", "context":{"environment":"Prod_southindia_prod-s01-004-apac-southindia", "migrationStage":"NotStarted", "server":"akswtt02300000h"}}
{"logTime": "1211/045605", "correlationVector":"uuOlWYZY/FFlbm9FdvHuvf.2","action":"Commit Response", "result":"Success", "context":Result: Success. cV=uuOlWYZY/FFlbm9FdvHuvf.0;server=akswtt02300000h;cloudType=Consumer;environment=Prod_southindia_prod-s01-004-apac-southindia;migrationStage=NotStarted}
{"logTime": "1211/045627", "correlationVector":"L9u5gIkh7zQEpgpffJrJ7Y","action":"Commit Request", "result":"", "context":Item count: 2
Contributing types: Preferences}
{"logTime": "1211/045627", "correlationVector":"L9u5gIkh7zQEpgpffJrJ7Y.1","action":"SyncServerConnectionManagerRequest", "result":"SYNC_SERVER_OK", "context":{"environment":"Prod_southindia_prod-s01-004-apac-southindia", "migrationStage":"NotStarted", "server":"akswtt02300001k"}}
{"logTime": "1211/045627", "correlationVector":"L9u5gIkh7zQEpgpffJrJ7Y.2","action":"Commit Response", "result":"Success", "context":Result: Success. cV=L9u5gIkh7zQEpgpffJrJ7Y.0;server=akswtt02300001k;cloudType=Consumer;environment=Prod_southindia_prod-s01-004-apac-southindia;migrationStage=NotStarted}
{"logTime": "1211/045630", "correlationVector":"lxOMWMP4DH58SWQyxecpNI","action":"Commit Request", "result":"", "context":Item count: 1
Contributing types: Preferences}
{"logTime": "1211/045631", "correlationVector":"lxOMWMP4DH58SWQyxecpNI.1","action":"SyncServerConnectionManagerRequest", "result":"SYNC_SERVER_OK", "context":{"environment":"Prod_southindia_prod-s01-004-apac-southindia", "migrationStage":"NotStarted", "server":"akswtt023000030"}}
{"logTime": "1211/045631", "correlationVector":"lxOMWMP4DH58SWQyxecpNI.2","action":"Commit Response", "result":"Success", "context":Result: Success. cV=lxOMWMP4DH58SWQyxecpNI.0;server=akswtt023000030;cloudType=Consumer;environment=Prod_southindia_prod-s01-004-apac-southindia;migrationStage=NotStarted}
{"logTime": "1211/055536", "correlationVector":"4rP4lBG9Q95kA7kkBFS+P3","action":"Normal GetUpdate request", "result":"", "context":cV=4rP4lBG9Q95kA7kkBFS+P3
Nudged types: Preferences
Refresh requested types: Bookmarks, Preferences, Passwords, Autofill Profiles, Autofill, Extensions, Sessions, Extension settings, History Delete Directives, Device Info, User Consents, Send Tab To Self, Web Apps, History, Saved Tab Group, WebAuthn Credentials, Collection, Edge E Drop, Edge Hub App Usage, Edge Wallet, Encryption Keys}
{"logTime": "1211/055538", "correlationVector":"4rP4lBG9Q95kA7kkBFS+P3.1","action":"SyncServerConnectionManagerRequest", "result":"SYNC_SERVER_OK", "context":{"environment":"Prod_southindia_prod-s01-004-apac-southindia", "migrationStage":"NotStarted", "server":"akswtt023000019"}}
{"logTime": "1211/055538", "correlationVector":"4rP4lBG9Q95kA7kkBFS+P3.2","action":"ProcessGetUpdates", "result":"Done", "context":{"dataType":"Preferences", "deleted":"0", "process_failed_to_decrypt":"0", "process_pending_decryption":"0", "process_success":"3", "total":"3"}}
{"logTime": "1211/055538", "correlationVector":"4rP4lBG9Q95kA7kkBFS+P3.3","action":"GetUpdates Response", "result":"Success", "context":Received 3 update(s). cV=4rP4lBG9Q95kA7kkBFS+P3.0;server=akswtt023000019;cloudType=Consumer;environment=Prod_southindia_prod-s01-004-apac-southindia;migrationStage=NotStarted}
{"logTime": "1211/055538", "correlationVector":"MACg44J97DpnHVcvpsxw1k","action":"Commit Request", "result":"", "context":Item count: 2
Contributing types: Preferences}
{"logTime": "1211/055539", "correlationVector":"MACg44J97DpnHVcvpsxw1k.1","action":"SyncServerConnectionManagerRequest", "result":"SYNC_SERVER_OK", "context":{"environment":"Prod_southindia_prod-s01-004-apac-southindia", "migrationStage":"NotStarted", "server":"akswtt02300000v"}}
{"logTime": "1211/055539", "correlationVector":"MACg44J97DpnHVcvpsxw1k.2","action":"Commit Response", "result":"Success", "context":Result: Success. cV=MACg44J97DpnHVcvpsxw1k.0;server=akswtt02300000v;cloudType=Consumer;environment=Prod_southindia_prod-s01-004-apac-southindia;migrationStage=NotStarted}
{"logTime": "1211/055546", "correlationVector":"lu9sVNfwlx2z1GTAj4TceR","action":"Commit Request", "result":"", "context":Item count: 2
Contributing types: Preferences}
{"logTime": "1211/055546", "correlationVector":"lu9sVNfwlx2z1GTAj4TceR.1","action":"SyncServerConnectionManagerRequest", "result":"SYNC_SERVER_OK", "context":{"environment":"Prod_southindia_prod-s01-004-apac-southindia", "migrationStage":"NotStarted", "server":"akswtt02300002r"}}
{"logTime": "1211/055547", "correlationVector":"lu9sVNfwlx2z1GTAj4TceR.2","action":"Commit Response", "result":"Success", "context":Result: Success. cV=lu9sVNfwlx2z1GTAj4TceR.0;server=akswtt02300002r;cloudType=Consumer;environment=Prod_southindia_prod-s01-004-apac-southindia;migrationStage=NotStarted}
{"logTime": "1211/055549", "correlationVector":"9QWK9T6NaTJ09XF7q/nXxT","action":"Commit Request", "result":"", "context":Item count: 1
Contributing types: Preferences}
{"logTime": "1211/055550", "correlationVector":"9QWK9T6NaTJ09XF7q/nXxT.1","action":"SyncServerConnectionManagerRequest", "result":"SYNC_SERVER_OK", "context":{"environment":"Prod_southindia_prod-s01-004-apac-southindia", "migrationStage":"NotStarted", "server":"akswtt023000018"}}
{"logTime": "1211/055550", "correlationVector":"9QWK9T6NaTJ09XF7q/nXxT.2","action":"Commit Response", "result":"Success", "context":Result: Success. cV=9QWK9T6NaTJ09XF7q/nXxT.0;server=akswtt023000018;cloudType=Consumer;environment=Prod_southindia_prod-s01-004-apac-southindia;migrationStage=NotStarted}
{"logTime": "1211/055945", "correlationVector":"9i0FgZsM9aEYwcLQyjgQq1","action":"Commit Request", "result":"", "context":Item count: 8
Contributing types: Sessions, Device Info, History}
{"logTime": "1211/055946", "correlationVector":"9i0FgZsM9aEYwcLQyjgQq1.1","action":"SyncServerConnectionManagerRequest", "result":"SYNC_SERVER_OK", "context":{"environment":"Prod_southindia_prod-s01-004-apac-southindia", "migrationStage":"NotStarted", "server":"akswtt02300001h"}}
{"logTime": "1211/055946", "correlationVector":"9i0FgZsM9aEYwcLQyjgQq1.2","action":"Commit Response", "result":"Success", "context":Result: Success. cV=9i0FgZsM9aEYwcLQyjgQq1.0;server=akswtt02300001h;cloudType=Consumer;environment=Prod_southindia_prod-s01-004-apac-southindia;migrationStage=NotStarted}
{"logTime": "1211/060003", "correlationVector":"k4ROP6JlFfx6amYHHFFJmw","action":"Commit Request", "result":"", "context":Item count: 3
Contributing types: Preferences, Sessions}
{"logTime": "1211/060004", "correlationVector":"k4ROP6JlFfx6amYHHFFJmw.1","action":"SyncServerConnectionManagerRequest", "result":"SYNC_SERVER_OK", "context":{"environment":"Prod_australiaeast_prod-s01-011-apac-australiaeast", "migrationStage":"NotStarted", "server":"akswtt02300000w"}}
{"logTime": "1211/060004", "correlationVector":"k4ROP6JlFfx6amYHHFFJmw.2","action":"Commit Response", "result":"Success", "context":Result: Success. cV=k4ROP6JlFfx6amYHHFFJmw.0;server=akswtt02300000w;cloudType=Consumer;environment=Prod_australiaeast_prod-s01-011-apac-australiaeast;migrationStage=NotStarted}
{"logTime": "1211/060008", "correlationVector":"9cDmwMAF5a0MJIB1ixsAfy","action":"Commit Request", "result":"", "context":Item count: 5
Contributing types: Preferences, Sessions, History}
{"logTime": "1211/060009", "correlationVector":"9cDmwMAF5a0MJIB1ixsAfy.1","action":"SyncServerConnectionManagerRequest", "result":"SYNC_SERVER_OK", "context":{"environment":"Prod_southindia_prod-s01-004-apac-southindia", "migrationStage":"NotStarted", "server":"akswtt023000015"}}
{"logTime": "1211/060009", "correlationVector":"9cDmwMAF5a0MJIB1ixsAfy.3","action":"Commit.Sessions", "result":"Success", "context":{"id":"ed94b27d-f894-427c-b986-975edcd5a6e4", "isDeleted":"true", "size":"0", "version":"1765432800389"}}
{"logTime": "1211/060009", "correlationVector":"9cDmwMAF5a0MJIB1ixsAfy.2","action":"Commit Response", "result":"Success", "context":Result: Success. cV=9cDmwMAF5a0MJIB1ixsAfy.0;server=akswtt023000015;cloudType=Consumer;environment=Prod_southindia_prod-s01-004-apac-southindia;migrationStage=NotStarted}
{"logTime": "1211/060032", "correlationVector":"u4ehFYOE0FovqRYngMrEKI","action":"Commit Request", "result":"", "context":Item count: 2
Contributing types: Preferences}
{"logTime": "1211/060032", "correlationVector":"u4ehFYOE0FovqRYngMrEKI.1","action":"SyncServerConnectionManagerRequest", "result":"SYNC_SERVER_OK", "context":{"environment":"Prod_southindia_prod-s01-004-apac-southindia", "migrationStage":"NotStarted", "server":"akswtt02300001q"}}
{"logTime": "1211/060032", "correlationVector":"u4ehFYOE0FovqRYngMrEKI.2","action":"Commit Response", "result":"Success", "context":Result: Success. cV=u4ehFYOE0FovqRYngMrEKI.0;server=akswtt02300001q;cloudType=Consumer;environment=Prod_southindia_prod-s01-004-apac-southindia;migrationStage=NotStarted}
{"logTime": "1211/060114", "correlationVector":"ePUxYHNhRpu4S0ZykBNw9Q","action":"Normal GetUpdate request", "result":"", "context":cV=ePUxYHNhRpu4S0ZykBNw9Q
Refresh requested types: Edge E Drop}
{"logTime": "1211/060114", "correlationVector":"ePUxYHNhRpu4S0ZykBNw9Q.1","action":"SyncServerConnectionManagerRequest", "result":"SYNC_SERVER_OK", "context":{"environment":"Prod_southindia_prod-s01-004-apac-southindia", "migrationStage":"NotStarted", "server":"akswtt02300001v"}}
{"logTime": "1211/060114", "correlationVector":"ePUxYHNhRpu4S0ZykBNw9Q.2","action":"ProcessGetUpdates", "result":"Done", "context":{"dataType":"Preferences", "deleted":"0", "process_failed_to_decrypt":"0", "process_pending_decryption":"0", "process_success":"4", "total":"4"}}
{"logTime": "1211/060114", "correlationVector":"ePUxYHNhRpu4S0ZykBNw9Q.3","action":"ProcessGetUpdates", "result":"Done", "context":{"dataType":"Sessions", "deleted":"1", "process_failed_to_decrypt":"0", "process_pending_decryption":"0", "process_success":"2", "total":"2"}}
{"logTime": "1211/060114", "correlationVector":"ePUxYHNhRpu4S0ZykBNw9Q.4","action":"ProcessGetUpdates", "result":"Done", "context":{"dataType":"Device Info", "deleted":"0", "process_failed_to_decrypt":"0", "process_pending_decryption":"0", "process_success":"1", "total":"1"}}
{"logTime": "1211/060114", "correlationVector":"ePUxYHNhRpu4S0ZykBNw9Q.5","action":"ProcessGetUpdates", "result":"Done", "context":{"dataType":"History", "deleted":"0", "process_failed_to_decrypt":"0", "process_pending_decryption":"0", "process_success":"5", "total":"5"}}
{"logTime": "1211/060114", "correlationVector":"ePUxYHNhRpu4S0ZykBNw9Q.6","action":"GetUpdates Response", "result":"Success", "context":Received 12 update(s). cV=ePUxYHNhRpu4S0ZykBNw9Q.0;server=akswtt02300001v;cloudType=Consumer;environment=Prod_southindia_prod-s01-004-apac-southindia;migrationStage=NotStarted}
{"logTime": "1211/060147", "correlationVector":"DvYn3P2Z7BLc0WKKZS+2yz","action":"Commit Request", "result":"", "context":Item count: 6
Contributing types: Preferences, Sessions, History}
{"logTime": "1211/060147", "correlationVector":"DvYn3P2Z7BLc0WKKZS+2yz.1","action":"SyncServerConnectionManagerRequest", "result":"SYNC_SERVER_OK", "context":{"environment":"Prod_southindia_prod-s01-004-apac-southindia", "migrationStage":"NotStarted", "server":"akswtt02300001i"}}
{"logTime": "1211/060147", "correlationVector":"DvYn3P2Z7BLc0WKKZS+2yz.2","action":"Commit Response", "result":"Success", "context":Result: Success. cV=DvYn3P2Z7BLc0WKKZS+2yz.0;server=akswtt02300001i;cloudType=Consumer;environment=Prod_southindia_prod-s01-004-apac-southindia;migrationStage=NotStarted}
{"logTime": "1211/132058", "correlationVector":"qCbs0oeCFBjnQZSfG/MLhJ","action":"Normal GetUpdate request", "result":"", "context":cV=qCbs0oeCFBjnQZSfG/MLhJ
Nudged types: Preferences, Sessions
Refresh requested types: Bookmarks, Preferences, Passwords, Autofill Profiles, Autofill, Extensions, Sessions, Extension settings, History Delete Directives, Device Info, User Consents, Send Tab To Self, Web Apps, History, Saved Tab Group, WebAuthn Credentials, Collection, Edge E Drop, Edge Hub App Usage, Edge Wallet, Encryption Keys}
{"logTime": "1211/132058", "correlationVector":"qCbs0oeCFBjnQZSfG/MLhJ.1","action":"SyncServerConnectionManagerRequest", "result":"SYNC_SERVER_OK", "context":{"environment":"Prod_southindia_prod-s01-004-apac-southindia", "migrationStage":"NotStarted", "server":"akswtt02300002u"}}
{"logTime": "1211/132058", "correlationVector":"qCbs0oeCFBjnQZSfG/MLhJ.2","action":"ProcessGetUpdates", "result":"Done", "context":{"dataType":"Preferences", "deleted":"0", "process_failed_to_decrypt":"0", "process_pending_decryption":"0", "process_success":"2", "total":"2"}}
{"logTime": "1211/132058", "correlationVector":"qCbs0oeCFBjnQZSfG/MLhJ.3","action":"ProcessGetUpdates", "result":"Done", "context":{"dataType":"Sessions", "deleted":"0", "process_failed_to_decrypt":"0", "process_pending_decryption":"0", "process_success":"2", "total":"2"}}
{"logTime": "1211/132058", "correlationVector":"qCbs0oeCFBjnQZSfG/MLhJ.4","action":"ProcessGetUpdates", "result":"Done", "context":{"dataType":"History", "deleted":"0", "process_failed_to_decrypt":"0", "process_pending_decryption":"0", "process_success":"2", "total":"2"}}
{"logTime": "1211/132059", "correlationVector":"qCbs0oeCFBjnQZSfG/MLhJ.5","action":"GetUpdates Response", "result":"Success", "context":Received 6 update(s). cV=qCbs0oeCFBjnQZSfG/MLhJ.0;server=akswtt02300002u;cloudType=Consumer;environment=Prod_southindia_prod-s01-004-apac-southindia;migrationStage=NotStarted}
{"logTime": "1211/132059", "correlationVector":"1udCNLzkfRHr0/jCBeLTkf","action":"Commit Request", "result":"", "context":Item count: 3
Contributing types: Preferences, Sessions}
{"logTime": "1211/132100", "correlationVector":"1udCNLzkfRHr0/jCBeLTkf.1","action":"SyncServerConnectionManagerRequest", "result":"SYNC_SERVER_OK", "context":{"environment":"Prod_southindia_prod-s01-004-apac-southindia", "migrationStage":"NotStarted", "server":"akswtt02300000n"}}
{"logTime": "1211/132100", "correlationVector":"1udCNLzkfRHr0/jCBeLTkf.3","action":"Commit.Sessions", "result":"Success", "context":{"id":"95ca4099-8720-4d8f-bd95-e991b0c2136d", "isDeleted":"true", "size":"0", "version":"1765432904038"}}
{"logTime": "1211/132100", "correlationVector":"1udCNLzkfRHr0/jCBeLTkf.2","action":"Commit Response", "result":"Success", "context":Result: Success. cV=1udCNLzkfRHr0/jCBeLTkf.0;server=akswtt02300000n;cloudType=Consumer;environment=Prod_southindia_prod-s01-004-apac-southindia;migrationStage=NotStarted}
{"logTime": "1211/132100", "correlationVector":"EpwmQdOhRggf5k6Tzr11W9","action":"SyncServerConnectionManagerRequest", "result":"SYNC_SERVER_OK", "context":{"environment":"", "migrationStage":"", "server":""}}
{"logTime": "1211/132100", "correlationVector":"EpwmQdOhRggf5k6Tzr11W9.0","action":"EncryptionKeysFetcher.DownloadKeys:", "result":"Success", "context":Key count: 9, Last key timestamp: 2025-07-26T03:53:15Z}
{"logTime": "1211/132100", "correlationVector":"EpwmQdOhRggf5k6Tzr11W9.1","action":"EncryptionKeysManager::SetEncryptionKeys:", "result":"Success", "context":Key names[9]:[evq7x6RfZ0casneIU/Iu/7z98n3kb6YZUfyO3ByIH6LQB5gpT3lJfNSqQ7UpqAME80jbFmsqHuc2ZLZxtsctSg==][NOJj8yQpJthJzifONQAbFhSwu29615VvOdG+opOWibATZx83/DlRahEI1ZFbjajjAX0ECEdc9bNRj3qQegZRoA==][JMcdhWNMClcniev0BXc+tLa7/OGaSbivGvyNf4S5E4oafyrvwsuPC9Hzrt9P/gndHZDaOHYD9GBSppr8kwNYMw==][Sk0N7AzYQPPMDIwhnVostmdGnC+BAr0jrruvEve9sl5YV+GPbWodfvy04tv1VMZS0P8AGrR3o8/U20WWK5YJ3w==][9466WeqbEa4uVppGuPyO2vauFt3PcphrGF4RP/SopEDD7/MT1C2jdPZ5D1F8+COvQzlVhyubu5RTVeq4qgNeSA==][iI4sdMZjjO5CMZgha9Q+JQQpjlFE84rabjld+38et5N02HEXfDeMFidMnTjibv2ejkxX1UVZqdwrdsyex8yCKg==][8m7w3RGwiObQTd7xDhfttKn7kXFz9VePnRmGyZmivXXDpfLpLrSZKOYoA8geyh3XwgxIy9e4sZRAqlWcXTM6mg==][CTMtUWy5qD4iQega1NfTgmiZg1qkwxsjCCYXJhOVJ4pI6TndS5kkMuBYttdBp+gCkVID0LpuXbZ1gSoufK/KeQ==][2Z6q2wwKHmcL+x+8vSuRb2EwzvB8oIh6IKw1/ZTewQ2nupmH1ynSq7NleUXQ/ia/3BYw+Vyktrk5XC0wWajltQ==]}
{"logTime": "1211/132100", "correlationVector":"EpwmQdOhRggf5k6Tzr11W9.2","action":"EncryptionKeysManager::SetEncryptionKeysWithTimestamps:", "result":"Success", "context":Key timestamps[9]:[2021-09-27T06:07:32Z][2021-10-21T12:03:47Z][2022-04-19T12:50:26Z][2022-12-08T09:11:53Z][2023-07-21T17:06:29Z][2024-01-31T06:58:25Z][2024-07-30T02:52:51Z][2025-01-26T15:24:25Z][2025-07-26T03:53:15Z]}
{"logTime": "1211/132100", "correlationVector":"87H37PW+/+ZBjwEE+7v9ou","action":"Commit Request", "result":"", "context":Item count: 2
Contributing types: Preferences}
{"logTime": "1211/132101", "correlationVector":"87H37PW+/+ZBjwEE+7v9ou.1","action":"SyncServerConnectionManagerRequest", "result":"SYNC_SERVER_OK", "context":{"environment":"Prod_southindia_prod-s01-004-apac-southindia", "migrationStage":"NotStarted", "server":"akswtt023000021"}}
{"logTime": "1211/132101", "correlationVector":"87H37PW+/+ZBjwEE+7v9ou.2","action":"Commit Response", "result":"Success", "context":Result: Success. cV=87H37PW+/+ZBjwEE+7v9ou.0;server=akswtt023000021;cloudType=Consumer;environment=Prod_southindia_prod-s01-004-apac-southindia;migrationStage=NotStarted}
{"logTime": "1211/132101", "correlationVector":"i14YKzDR/+ULHIpTEgIbaP","action":"Poll GetUpdate request", "result":"", "context":cV=i14YKzDR/+ULHIpTEgIbaP}
{"logTime": "1211/132101", "correlationVector":"i14YKzDR/+ULHIpTEgIbaP.1","action":"SyncServerConnectionManagerRequest", "result":"SYNC_SERVER_OK", "context":{"environment":"Prod_southindia_prod-s01-004-apac-southindia", "migrationStage":"NotStarted", "server":"akswtt023000031"}}
{"logTime": "1211/132101", "correlationVector":"i14YKzDR/+ULHIpTEgIbaP.2","action":"ProcessGetUpdates", "result":"Done", "context":{"dataType":"Preferences", "deleted":"0", "process_failed_to_decrypt":"0", "process_pending_decryption":"0", "process_success":"3", "total":"3"}}
{"logTime": "1211/132101", "correlationVector":"i14YKzDR/+ULHIpTEgIbaP.3","action":"ProcessGetUpdates", "result":"Done", "context":{"dataType":"Sessions", "deleted":"1", "process_failed_to_decrypt":"0", "process_pending_decryption":"0", "process_success":"1", "total":"1"}}
{"logTime": "1211/132101", "correlationVector":"i14YKzDR/+ULHIpTEgIbaP.4","action":"GetUpdates Response", "result":"Success", "context":Received 4 update(s). cV=i14YKzDR/+ULHIpTEgIbaP.0;server=akswtt023000031;cloudType=Consumer;environment=Prod_southindia_prod-s01-004-apac-southindia;migrationStage=NotStarted}
{"logTime": "1211/132125", "correlationVector":"UWE777bt2W3yjRH42WBqcs","action":"Commit Request", "result":"", "context":Item count: 1
Contributing types: Preferences}
{"logTime": "1211/132125", "correlationVector":"UWE777bt2W3yjRH42WBqcs.1","action":"SyncServerConnectionManagerRequest", "result":"SYNC_SERVER_OK", "context":{"environment":"Prod_southindia_prod-s01-004-apac-southindia", "migrationStage":"NotStarted", "server":"akswtt023000031"}}
{"logTime": "1211/132125", "correlationVector":"UWE777bt2W3yjRH42WBqcs.2","action":"Commit Response", "result":"Success", "context":Result: Success. cV=UWE777bt2W3yjRH42WBqcs.0;server=akswtt023000031;cloudType=Consumer;environment=Prod_southindia_prod-s01-004-apac-southindia;migrationStage=NotStarted}
