2025-12-10 09:09:06.907: [INFO][Sync] Reset engine, reason: 8
2025-12-10 09:09:06.907: [INFO][Sync] Stopped: Bookmarks
2025-12-10 09:09:06.907: [INFO][Sync] Stopped: Preferences
2025-12-10 09:09:06.907: [INFO][Sync] Stopped: Passwords
2025-12-10 09:09:06.907: [INFO][Sync] Stopped: Autofill Profiles
2025-12-10 09:09:06.907: [INFO][Sync] Stopped: Autofill
2025-12-10 09:09:06.907: [INFO][Sync] Stopped: Extensions
2025-12-10 09:09:06.907: [INFO][Sync] Stopped: Sessions
2025-12-10 09:09:06.907: [INFO][Sync] Stopped: Extension settings
2025-12-10 09:09:06.907: [INFO][Sync] Stopped: History Delete Directives
2025-12-10 09:09:06.907: [INFO][Sync] Stopped: Device Info
2025-12-10 09:09:06.907: [INFO][Sync] Stopped: User Consents
2025-12-10 09:09:06.907: [INFO][Sync] Stopped: Send Tab To Self
2025-12-10 09:09:06.907: [INFO][Sync] Stopped: Web Apps
2025-12-10 09:09:06.907: [INFO][Sync] Stopped: History
2025-12-10 09:09:06.907: [INFO][Sync] Stopped: Saved Tab Group
2025-12-10 09:09:06.907: [INFO][Sync] Stopped: WebAuthn Credentials
2025-12-10 09:09:06.907: [INFO][Sync] Stopped: Collection
2025-12-10 09:09:06.907: [INFO][Sync] Stopped: Edge E Drop
2025-12-10 09:09:06.907: [INFO][Sync] Stopped: Edge Hub App Usage
2025-12-10 09:09:06.907: [INFO][Sync] Stopped: Edge Wallet
2025-12-10 09:09:06.907: [INFO][Sync] SyncState after authenticated was: NotSignedIn
2025-12-10 09:09:07.464: [INFO][Sync] Reset engine, reason: 8
2025-12-10 09:09:07.464: [INFO][Sync] Stopped: Bookmarks
2025-12-10 09:09:07.464: [INFO][Sync] Stopped: Preferences
2025-12-10 09:09:07.465: [INFO][Sync] Stopped: Passwords
2025-12-10 09:09:07.465: [INFO][Sync] Stopped: Autofill Profiles
2025-12-10 09:09:07.465: [INFO][Sync] Stopped: Autofill
2025-12-10 09:09:07.465: [INFO][Sync] Stopped: Extensions
2025-12-10 09:09:07.465: [INFO][Sync] Stopped: Sessions
2025-12-10 09:09:07.465: [INFO][Sync] Stopped: Extension settings
2025-12-10 09:09:07.465: [INFO][Sync] Stopped: History Delete Directives
2025-12-10 09:09:07.465: [INFO][Sync] Stopped: Device Info
2025-12-10 09:09:07.465: [INFO][Sync] Stopped: User Consents
2025-12-10 09:09:07.465: [INFO][Sync] Stopped: Send Tab To Self
2025-12-10 09:09:07.465: [INFO][Sync] Stopped: Web Apps
2025-12-10 09:09:07.465: [INFO][Sync] Stopped: History
2025-12-10 09:09:07.465: [INFO][Sync] Stopped: Saved Tab Group
2025-12-10 09:09:07.465: [INFO][Sync] Stopped: WebAuthn Credentials
2025-12-10 09:09:07.465: [INFO][Sync] Stopped: Collection
2025-12-10 09:09:07.465: [INFO][Sync] Stopped: Edge E Drop
2025-12-10 09:09:07.465: [INFO][Sync] Stopped: Edge Hub App Usage
2025-12-10 09:09:07.465: [INFO][Sync] Stopped: Edge Wallet
2025-12-10 09:10:43.697: [INFO][Sync] Try to start sync engine
2025-12-10 09:10:43.699: [INFO][SyncManagerImpl::NudgeForInitialDownload] Initial download nudge for Encryption Keys
2025-12-10 09:10:43.699: [INFO][SyncEngineBackend::LoadAndConnectNigoriController] Load and connect Nigori controller
2025-12-10 09:10:43.699: [INFO][SyncEngineBackend::DoInitialize] Control Types added: Encryption Keys
2025-12-10 09:10:43.699: [INFO][SyncManagerImpl::ConfigureSyncer] Types to download: Encryption Keys with reason: 3
2025-12-10 09:10:43.699: [INFO][SyncSchedulerImpl::DoConfigurationSyncCycleJob] Configure job was blocked
2025-12-10 09:10:44.966: [INFO][SyncAuthManager::SetLastAuthError] Current auth error: None
2025-12-10 09:10:44.966: [INFO][SyncAuthManager::EdgeLogTokenErrorState] Token error with: None for account type: MSA
2025-12-10 09:10:44.966: [INFO][Sync] Credentials changed for: EdgeSyncKeyDataScope
2025-12-10 09:10:44.967: [INFO][SyncEngineBackend::DoUpdateKeyDataCredentials] Update key data credentials
2025-12-10 09:10:44.990: [INFO][SyncAuthManager::SetLastAuthError] Current auth error: None
2025-12-10 09:10:44.990: [INFO][SyncAuthManager::EdgeLogTokenErrorState] Token error with: None for account type: MSA
2025-12-10 09:10:44.990: [INFO][Sync] Credentials changed for: EdgeSyncScopeNew
2025-12-10 09:10:44.990: [INFO][SyncEngineBackend::DoUpdateCredentials] Update credentials
2025-12-10 09:10:44.990: [INFO][SyncEngineBackend::DoUpdateKeyDataCredentials] Update key data credentials
2025-12-10 09:10:44.990: [INFO][SyncSchedulerImpl::DoConfigurationSyncCycleJob] Blocked types:  and types to download: Encryption Keys
2025-12-10 09:10:46.008: [INFO][Sync] Started DataTypeManager configuration, reason: 4
2025-12-10 09:10:46.009: [INFO][Sync] Configuring for: Bookmarks, Preferences, Passwords, Autofill Profiles, Autofill, Extensions, Sessions, Extension settings, History Delete Directives, Device Info, User Consents, Send Tab To Self, Web Apps, History, Saved Tab Group, WebAuthn Credentials, Collection, Edge E Drop, Edge Hub App Usage, Edge Wallet, Encryption Keys, reason: 3, current state: 0
2025-12-10 09:10:46.009: [WARN][Sync] Crypto error data types: Passwords, Autofill Profiles, Autofill
2025-12-10 09:10:46.010: [INFO][Sync] Configure, desired: Bookmarks, Preferences, Extensions, Sessions, Extension settings, History Delete Directives, Device Info, User Consents, Send Tab To Self, Web Apps, History, Saved Tab Group, WebAuthn Credentials, Collection, Edge E Drop, Edge Hub App Usage, Edge Wallet, Encryption Keys; Allow fail: Passwords, Autofill Profiles, Autofill
2025-12-10 09:10:46.010: [INFO][Sync] Loading: Bookmarks
2025-12-10 09:10:46.010: [INFO][Sync] Loading: Preferences
2025-12-10 09:10:46.010: [INFO][Sync] Loading: Extensions
2025-12-10 09:10:46.010: [INFO][Sync] Loading: Sessions
2025-12-10 09:10:46.010: [INFO][Sync] Loading: Extension settings
2025-12-10 09:10:46.010: [INFO][Sync] Loading: History Delete Directives
2025-12-10 09:10:46.010: [INFO][Sync] Loading: Device Info
2025-12-10 09:10:46.011: [INFO][Sync] Loading: User Consents
2025-12-10 09:10:46.011: [INFO][Sync] Loading: Send Tab To Self
2025-12-10 09:10:46.011: [INFO][Sync] Loading: Web Apps
2025-12-10 09:10:46.011: [INFO][Sync] Loading: History
2025-12-10 09:10:46.011: [INFO][Sync] Loading: Saved Tab Group
2025-12-10 09:10:46.011: [INFO][Sync] Loading: WebAuthn Credentials
2025-12-10 09:10:46.011: [INFO][Sync] Loading: Collection
2025-12-10 09:10:46.011: [INFO][Sync] Loading: Edge E Drop
2025-12-10 09:10:46.011: [INFO][Sync] Loading: Edge Hub App Usage
2025-12-10 09:10:46.011: [INFO][Sync] Loading: Edge Wallet
2025-12-10 09:10:46.013: [INFO][Sync] All data types are ready for configure.
2025-12-10 09:10:46.608: [INFO][Sync] Started DataTypeManager configuration, reason: 5
2025-12-10 09:10:46.608: [INFO][Sync] Configuring for: Bookmarks, Preferences, Passwords, Autofill Profiles, Autofill, Extensions, Sessions, Extension settings, History Delete Directives, Device Info, User Consents, Send Tab To Self, Web Apps, History, Saved Tab Group, WebAuthn Credentials, Collection, Edge E Drop, Edge Hub App Usage, Edge Wallet, Encryption Keys, reason: 5, current state: 1
2025-12-10 09:10:46.617: [INFO][SyncEngineBackend::DoStartConfiguration] Start configuration
2025-12-10 09:10:46.617: [INFO][SyncManagerImpl::NudgeForInitialDownload] Initial download nudge for Bookmarks
2025-12-10 09:10:46.617: [INFO][SyncManagerImpl::NudgeForInitialDownload] Initial download nudge for Preferences
2025-12-10 09:10:46.617: [INFO][SyncManagerImpl::NudgeForInitialDownload] Initial download nudge for Extensions
2025-12-10 09:10:46.617: [INFO][SyncManagerImpl::NudgeForInitialDownload] Initial download nudge for Sessions
2025-12-10 09:10:46.618: [INFO][SyncManagerImpl::NudgeForInitialDownload] Initial download nudge for Extension settings
2025-12-10 09:10:46.618: [INFO][SyncManagerImpl::NudgeForInitialDownload] Initial download nudge for History Delete Directives
2025-12-10 09:10:46.618: [INFO][SyncManagerImpl::NudgeForInitialDownload] Initial download nudge for Device Info
2025-12-10 09:10:46.618: [INFO][SyncManagerImpl::NudgeForInitialDownload] Initial download nudge for Send Tab To Self
2025-12-10 09:10:46.618: [INFO][SyncManagerImpl::NudgeForInitialDownload] Initial download nudge for Web Apps
2025-12-10 09:10:46.619: [INFO][SyncManagerImpl::NudgeForInitialDownload] Initial download nudge for History
2025-12-10 09:10:46.619: [INFO][SyncManagerImpl::NudgeForInitialDownload] Initial download nudge for Saved Tab Group
2025-12-10 09:10:46.619: [INFO][SyncManagerImpl::NudgeForInitialDownload] Initial download nudge for WebAuthn Credentials
2025-12-10 09:10:46.619: [INFO][SyncManagerImpl::NudgeForInitialDownload] Initial download nudge for Collection
2025-12-10 09:10:46.619: [INFO][SyncManagerImpl::NudgeForInitialDownload] Initial download nudge for Edge E Drop
2025-12-10 09:10:46.619: [INFO][SyncManagerImpl::NudgeForInitialDownload] Initial download nudge for Edge Hub App Usage
2025-12-10 09:10:46.619: [INFO][SyncManagerImpl::NudgeForInitialDownload] Initial download nudge for Edge Wallet
2025-12-10 09:10:46.619: [INFO][SyncManagerImpl::ConfigureSyncer] Types to download:  with reason: 3
2025-12-10 09:10:46.619: [INFO][SyncEngineBackend::DoFinishConfigureDataTypes] Failed to download types:  and succeeded types: 
2025-12-10 09:10:46.620: [INFO][Sync] ConfigurationDone, failed: , succeeded: , remaining count: 4
2025-12-10 09:10:46.620: [WARN][Sync]     Reconfigure requested while configuration ongoing.
2025-12-10 09:10:46.620: [INFO][Sync] Configuring for: Bookmarks, Preferences, Passwords, Autofill Profiles, Autofill, Extensions, Sessions, Extension settings, History Delete Directives, Device Info, User Consents, Send Tab To Self, Web Apps, History, Saved Tab Group, WebAuthn Credentials, Collection, Edge E Drop, Edge Hub App Usage, Edge Wallet, Encryption Keys, reason: 5, current state: 2
2025-12-10 09:10:46.620: [INFO][Sync] Configure, desired: Bookmarks, Preferences, Passwords, Autofill Profiles, Autofill, Extensions, Sessions, Extension settings, History Delete Directives, Device Info, User Consents, Send Tab To Self, Web Apps, History, Saved Tab Group, WebAuthn Credentials, Collection, Edge E Drop, Edge Hub App Usage, Edge Wallet, Encryption Keys; Allow fail: 
2025-12-10 09:10:46.620: [INFO][Sync] Loading: Passwords
2025-12-10 09:10:46.620: [INFO][Sync] Loading: Autofill Profiles
2025-12-10 09:10:46.620: [INFO][Sync] Loading: Autofill
2025-12-10 09:10:46.620: [INFO][Sync] All data types are ready for configure.
2025-12-10 09:10:46.620: [INFO][SyncManagerImpl::NudgeForInitialDownload] Initial download nudge for Passwords
2025-12-10 09:10:46.620: [INFO][SyncManagerImpl::NudgeForInitialDownload] Initial download nudge for Autofill Profiles
2025-12-10 09:10:46.621: [INFO][SyncManagerImpl::NudgeForInitialDownload] Initial download nudge for Autofill
2025-12-10 09:10:46.621: [INFO][SyncManagerImpl::ConfigureSyncer] Types to download:  with reason: 5
2025-12-10 09:10:46.621: [INFO][SyncEngineBackend::DoFinishConfigureDataTypes] Failed to download types:  and succeeded types: 
2025-12-10 09:10:46.621: [INFO][Sync] ConfigurationDone, failed: , succeeded: , remaining count: 4
2025-12-10 09:10:46.621: [INFO][Sync] Prepare to configure types: Preferences, Passwords, Device Info, Send Tab To Self, Edge E Drop, Encryption Keys
2025-12-10 09:10:46.621: [INFO][SyncManagerImpl::ConfigureSyncer] Types to download: Preferences, Passwords, Device Info, Send Tab To Self, Edge E Drop, Encryption Keys with reason: 5
2025-12-10 09:10:46.621: [INFO][SyncSchedulerImpl::DoConfigurationSyncCycleJob] Blocked types:  and types to download: Preferences, Passwords, Device Info, Send Tab To Self, Edge E Drop, Encryption Keys
2025-12-10 09:10:47.848: [INFO][SyncEngineBackend::DoFinishConfigureDataTypes] Failed to download types:  and succeeded types: Preferences, Passwords, Device Info, Send Tab To Self, Edge E Drop, Encryption Keys
2025-12-10 09:10:47.935: [INFO][Sync] ConfigurationDone, failed: , succeeded: Preferences, Passwords, Device Info, Send Tab To Self, Edge E Drop, Encryption Keys, remaining count: 3
2025-12-10 09:10:47.935: [INFO][Sync] Prepare to configure types: Bookmarks, Encryption Keys
2025-12-10 09:10:47.935: [INFO][SyncManagerImpl::ConfigureSyncer] Types to download: Bookmarks, Encryption Keys with reason: 5
2025-12-10 09:10:47.935: [INFO][SyncSchedulerImpl::DoConfigurationSyncCycleJob] Blocked types:  and types to download: Bookmarks, Encryption Keys
2025-12-10 09:10:48.802: [INFO][SyncEngineBackend::DoFinishConfigureDataTypes] Failed to download types:  and succeeded types: Bookmarks, Encryption Keys
2025-12-10 09:10:48.805: [INFO][Sync] ConfigurationDone, failed: , succeeded: Bookmarks, Encryption Keys, remaining count: 2
2025-12-10 09:10:48.805: [INFO][Sync] Prepare to configure types: Autofill Profiles, Autofill, Extensions, Sessions, Extension settings, History Delete Directives, Web Apps, Saved Tab Group, WebAuthn Credentials, Collection, Edge Hub App Usage, Edge Wallet, Encryption Keys
2025-12-10 09:10:48.805: [INFO][SyncManagerImpl::ConfigureSyncer] Types to download: Autofill Profiles, Autofill, Extensions, Sessions, Extension settings, History Delete Directives, Web Apps, Saved Tab Group, WebAuthn Credentials, Collection, Edge Hub App Usage, Edge Wallet, Encryption Keys with reason: 5
2025-12-10 09:10:48.805: [INFO][SyncSchedulerImpl::DoConfigurationSyncCycleJob] Blocked types:  and types to download: Autofill Profiles, Autofill, Extensions, Sessions, Extension settings, History Delete Directives, Web Apps, Saved Tab Group, WebAuthn Credentials, Collection, Edge Hub App Usage, Edge Wallet, Encryption Keys
2025-12-10 09:11:16.774: [INFO][SyncEngineBackend::DoFinishConfigureDataTypes] Failed to download types:  and succeeded types: Autofill Profiles, Autofill, Extensions, Sessions, Extension settings, History Delete Directives, Web Apps, Saved Tab Group, WebAuthn Credentials, Collection, Edge Hub App Usage, Edge Wallet, Encryption Keys
2025-12-10 09:11:16.832: [INFO][Sync] ConfigurationDone, failed: , succeeded: Autofill Profiles, Autofill, Extensions, Sessions, Extension settings, History Delete Directives, Web Apps, Saved Tab Group, WebAuthn Credentials, Collection, Edge Hub App Usage, Edge Wallet, Encryption Keys, remaining count: 1
2025-12-10 09:11:16.842: [INFO][Sync] Prepare to configure types: History, Encryption Keys
2025-12-10 09:11:16.842: [INFO][SyncManagerImpl::ConfigureSyncer] Types to download: History, Encryption Keys with reason: 5
2025-12-10 09:11:16.843: [INFO][SyncSchedulerImpl::DoConfigurationSyncCycleJob] Blocked types:  and types to download: History, Encryption Keys
2025-12-10 09:13:45.587: [INFO][SyncEngineBackend::DoFinishConfigureDataTypes] Failed to download types:  and succeeded types: History, Encryption Keys
2025-12-10 09:13:45.592: [INFO][Sync] ConfigurationDone, failed: , succeeded: History, Encryption Keys, remaining count: 0
2025-12-10 09:13:45.601: [INFO][Sync]     Configuration completed, state: 7
2025-12-10 09:13:45.602: [INFO][Sync] Configured DataTypeManager: Ok
2025-12-10 09:13:45.609: [INFO][SyncEngineBackend::DoStartSyncing] Start syncing
2025-12-10 09:14:54.695: [INFO][Sync] Reset engine, reason: 0
2025-12-10 09:14:54.695: [INFO][Sync] Reset engine with reason: 0
2025-12-10 09:17:35.739: [INFO][Sync] SyncState after authenticated was: FeatureCanStart
2025-12-10 09:17:37.761: [INFO][SyncAuthManager::SetLastAuthError] Current auth error: None
2025-12-10 09:17:37.761: [INFO][SyncAuthManager::EdgeLogTokenErrorState] Token error with: None for account type: MSA
2025-12-10 09:17:37.761: [INFO][Sync] Credentials changed for: EdgeSyncKeyDataScope
2025-12-10 09:17:38.074: [INFO][Sync] Try to start sync engine
2025-12-10 09:17:38.100: [INFO][SyncAuthManager::SetLastAuthError] Current auth error: None
2025-12-10 09:17:38.101: [INFO][SyncAuthManager::EdgeLogTokenErrorState] Token error with: None for account type: MSA
2025-12-10 09:17:38.101: [INFO][Sync] Credentials changed for: EdgeSyncScopeNew
2025-12-10 09:17:38.102: [INFO][SyncEngineBackend::LoadAndConnectNigoriController] Load and connect Nigori controller
2025-12-10 09:17:38.102: [INFO][SyncEngineBackend::DoInitialize] Control Types added: 
2025-12-10 09:17:38.102: [INFO][SyncManagerImpl::ConfigureSyncer] Types to download:  with reason: 4
2025-12-10 09:17:38.102: [INFO][SyncEngineBackend::DoUpdateKeyDataCredentials] Update key data credentials
2025-12-10 09:17:38.102: [INFO][SyncEngineBackend::DoUpdateCredentials] Update credentials
2025-12-10 09:17:38.102: [INFO][SyncEngineBackend::DoUpdateKeyDataCredentials] Update key data credentials
2025-12-10 09:17:38.120: [INFO][Sync] Started DataTypeManager configuration, reason: 4
2025-12-10 09:17:38.121: [INFO][Sync] Configuring for: Bookmarks, Preferences, Passwords, Autofill Profiles, Autofill, Extensions, Sessions, Extension settings, History Delete Directives, Device Info, User Consents, Send Tab To Self, Web Apps, History, Saved Tab Group, WebAuthn Credentials, Collection, Edge E Drop, Edge Hub App Usage, Edge Wallet, Encryption Keys, reason: 4, current state: 0
2025-12-10 09:17:38.121: [INFO][SyncEngineBackend::DoStartConfiguration] Start configuration
2025-12-10 09:17:38.124: [INFO][Sync] Configure, desired: Bookmarks, Preferences, Passwords, Autofill Profiles, Autofill, Extensions, Sessions, Extension settings, History Delete Directives, Device Info, User Consents, Send Tab To Self, Web Apps, History, Saved Tab Group, WebAuthn Credentials, Collection, Edge E Drop, Edge Hub App Usage, Edge Wallet, Encryption Keys; Allow fail: 
2025-12-10 09:17:38.124: [INFO][Sync] Loading: Bookmarks
2025-12-10 09:17:38.124: [INFO][Sync] Loading: Preferences
2025-12-10 09:17:38.124: [INFO][Sync] Loading: Passwords
2025-12-10 09:17:38.124: [INFO][Sync] Loading: Autofill Profiles
2025-12-10 09:17:38.124: [INFO][Sync] Loading: Autofill
2025-12-10 09:17:38.124: [INFO][Sync] Loading: Extensions
2025-12-10 09:17:38.124: [INFO][Sync] Loading: Sessions
2025-12-10 09:17:38.124: [INFO][Sync] Loading: Extension settings
2025-12-10 09:17:38.124: [INFO][Sync] Loading: History Delete Directives
2025-12-10 09:17:38.124: [INFO][Sync] Loading: Device Info
2025-12-10 09:17:38.124: [INFO][Sync] Loading: User Consents
2025-12-10 09:17:38.124: [INFO][Sync] Loading: Send Tab To Self
2025-12-10 09:17:38.124: [INFO][Sync] Loading: Web Apps
2025-12-10 09:17:38.124: [INFO][Sync] Loading: History
2025-12-10 09:17:38.124: [INFO][Sync] Loading: Saved Tab Group
2025-12-10 09:17:38.124: [INFO][Sync] Loading: WebAuthn Credentials
2025-12-10 09:17:38.124: [INFO][Sync] Loading: Collection
2025-12-10 09:17:38.124: [INFO][Sync] Loading: Edge E Drop
2025-12-10 09:17:38.124: [INFO][Sync] Loading: Edge Hub App Usage
2025-12-10 09:17:38.124: [INFO][Sync] Loading: Edge Wallet
2025-12-10 09:17:38.142: [INFO][Sync] All data types are ready for configure.
2025-12-10 09:17:38.144: [INFO][SyncManagerImpl::ConfigureSyncer] Types to download:  with reason: 4
2025-12-10 09:17:38.144: [INFO][SyncEngineBackend::DoFinishConfigureDataTypes] Failed to download types:  and succeeded types: 
2025-12-10 09:17:38.144: [INFO][Sync] ConfigurationDone, failed: , succeeded: , remaining count: 4
2025-12-10 09:17:38.144: [INFO][SyncManagerImpl::ConfigureSyncer] Types to download:  with reason: 4
2025-12-10 09:17:38.144: [INFO][SyncEngineBackend::DoFinishConfigureDataTypes] Failed to download types:  and succeeded types: 
2025-12-10 09:17:38.144: [INFO][Sync] ConfigurationDone, failed: , succeeded: , remaining count: 3
2025-12-10 09:17:38.145: [INFO][SyncManagerImpl::ConfigureSyncer] Types to download:  with reason: 4
2025-12-10 09:17:38.145: [INFO][SyncEngineBackend::DoFinishConfigureDataTypes] Failed to download types:  and succeeded types: 
2025-12-10 09:17:38.146: [INFO][Sync] ConfigurationDone, failed: , succeeded: , remaining count: 2
2025-12-10 09:17:38.146: [INFO][SyncManagerImpl::ConfigureSyncer] Types to download:  with reason: 4
2025-12-10 09:17:38.146: [INFO][SyncEngineBackend::DoFinishConfigureDataTypes] Failed to download types:  and succeeded types: 
2025-12-10 09:17:38.147: [INFO][Sync] ConfigurationDone, failed: , succeeded: , remaining count: 1
2025-12-10 09:17:38.152: [INFO][SyncManagerImpl::ConfigureSyncer] Types to download:  with reason: 4
2025-12-10 09:17:38.152: [INFO][SyncEngineBackend::DoFinishConfigureDataTypes] Failed to download types:  and succeeded types: 
2025-12-10 09:17:38.155: [INFO][Sync] ConfigurationDone, failed: , succeeded: , remaining count: 0
2025-12-10 09:17:38.158: [INFO][Sync]     Configuration completed, state: 3
2025-12-10 09:17:38.159: [INFO][Sync] Configured DataTypeManager: Ok
2025-12-10 09:17:38.163: [INFO][SyncEngineBackend::DoStartSyncing] Start syncing
2025-12-10 09:19:09.000: [INFO][Sync] Reset engine, reason: 0
2025-12-10 09:19:09.000: [INFO][Sync] Reset engine with reason: 0
2025-12-10 09:30:37.294: [INFO][Sync] SyncState after authenticated was: FeatureCanStart
2025-12-10 09:30:39.967: [INFO][SyncAuthManager::SetLastAuthError] Current auth error: None
2025-12-10 09:30:39.967: [INFO][SyncAuthManager::EdgeLogTokenErrorState] Token error with: None for account type: MSA
2025-12-10 09:30:39.968: [INFO][Sync] Credentials changed for: EdgeSyncKeyDataScope
2025-12-10 09:30:40.160: [INFO][Sync] Try to start sync engine
2025-12-10 09:30:40.166: [INFO][SyncAuthManager::SetLastAuthError] Current auth error: None
2025-12-10 09:30:40.166: [INFO][SyncAuthManager::EdgeLogTokenErrorState] Token error with: None for account type: MSA
2025-12-10 09:30:40.166: [INFO][Sync] Credentials changed for: EdgeSyncScopeNew
2025-12-10 09:30:40.176: [INFO][SyncEngineBackend::LoadAndConnectNigoriController] Load and connect Nigori controller
2025-12-10 09:30:40.176: [INFO][SyncEngineBackend::DoInitialize] Control Types added: 
2025-12-10 09:30:40.176: [INFO][SyncManagerImpl::ConfigureSyncer] Types to download:  with reason: 4
2025-12-10 09:30:40.176: [INFO][SyncEngineBackend::DoUpdateKeyDataCredentials] Update key data credentials
2025-12-10 09:30:40.176: [INFO][SyncEngineBackend::DoUpdateCredentials] Update credentials
2025-12-10 09:30:40.176: [INFO][SyncEngineBackend::DoUpdateKeyDataCredentials] Update key data credentials
2025-12-10 09:30:40.183: [INFO][Sync] Started DataTypeManager configuration, reason: 4
2025-12-10 09:30:40.183: [INFO][Sync] Configuring for: Bookmarks, Preferences, Passwords, Autofill Profiles, Autofill, Extensions, Sessions, Extension settings, History Delete Directives, Device Info, User Consents, Send Tab To Self, Web Apps, History, Saved Tab Group, WebAuthn Credentials, Collection, Edge E Drop, Edge Hub App Usage, Edge Wallet, Encryption Keys, reason: 4, current state: 0
2025-12-10 09:30:40.183: [INFO][SyncEngineBackend::DoStartConfiguration] Start configuration
2025-12-10 09:30:40.189: [INFO][Sync] Configure, desired: Bookmarks, Preferences, Passwords, Autofill Profiles, Autofill, Extensions, Sessions, Extension settings, History Delete Directives, Device Info, User Consents, Send Tab To Self, Web Apps, History, Saved Tab Group, WebAuthn Credentials, Collection, Edge E Drop, Edge Hub App Usage, Edge Wallet, Encryption Keys; Allow fail: 
2025-12-10 09:30:40.189: [INFO][Sync] Loading: Bookmarks
2025-12-10 09:30:40.189: [INFO][Sync] Loading: Preferences
2025-12-10 09:30:40.189: [INFO][Sync] Loading: Passwords
2025-12-10 09:30:40.189: [INFO][Sync] Loading: Autofill Profiles
2025-12-10 09:30:40.189: [INFO][Sync] Loading: Autofill
2025-12-10 09:30:40.189: [INFO][Sync] Loading: Extensions
2025-12-10 09:30:40.189: [INFO][Sync] Loading: Sessions
2025-12-10 09:30:40.189: [INFO][Sync] Loading: Extension settings
2025-12-10 09:30:40.189: [INFO][Sync] Loading: History Delete Directives
2025-12-10 09:30:40.189: [INFO][Sync] Loading: Device Info
2025-12-10 09:30:40.189: [INFO][Sync] Loading: User Consents
2025-12-10 09:30:40.189: [INFO][Sync] Loading: Send Tab To Self
2025-12-10 09:30:40.189: [INFO][Sync] Loading: Web Apps
2025-12-10 09:30:40.189: [INFO][Sync] Loading: History
2025-12-10 09:30:40.189: [INFO][Sync] Loading: Saved Tab Group
2025-12-10 09:30:40.189: [INFO][Sync] Loading: WebAuthn Credentials
2025-12-10 09:30:40.189: [INFO][Sync] Loading: Collection
2025-12-10 09:30:40.189: [INFO][Sync] Loading: Edge E Drop
2025-12-10 09:30:40.189: [INFO][Sync] Loading: Edge Hub App Usage
2025-12-10 09:30:40.189: [INFO][Sync] Loading: Edge Wallet
2025-12-10 09:30:40.217: [INFO][Sync] All data types are ready for configure.
2025-12-10 09:30:40.218: [INFO][SyncManagerImpl::ConfigureSyncer] Types to download:  with reason: 4
2025-12-10 09:30:40.218: [INFO][SyncEngineBackend::DoFinishConfigureDataTypes] Failed to download types:  and succeeded types: 
2025-12-10 09:30:40.252: [INFO][Sync] ConfigurationDone, failed: , succeeded: , remaining count: 4
2025-12-10 09:30:40.255: [INFO][SyncManagerImpl::ConfigureSyncer] Types to download:  with reason: 4
2025-12-10 09:30:40.255: [INFO][SyncEngineBackend::DoFinishConfigureDataTypes] Failed to download types:  and succeeded types: 
2025-12-10 09:30:40.258: [INFO][Sync] ConfigurationDone, failed: , succeeded: , remaining count: 3
2025-12-10 09:30:40.260: [INFO][SyncManagerImpl::ConfigureSyncer] Types to download:  with reason: 4
2025-12-10 09:30:40.260: [INFO][SyncEngineBackend::DoFinishConfigureDataTypes] Failed to download types:  and succeeded types: 
2025-12-10 09:30:40.260: [INFO][Sync] ConfigurationDone, failed: , succeeded: , remaining count: 2
2025-12-10 09:30:40.261: [INFO][SyncManagerImpl::ConfigureSyncer] Types to download:  with reason: 4
2025-12-10 09:30:40.261: [INFO][SyncEngineBackend::DoFinishConfigureDataTypes] Failed to download types:  and succeeded types: 
2025-12-10 09:30:40.261: [INFO][Sync] ConfigurationDone, failed: , succeeded: , remaining count: 1
2025-12-10 09:30:40.270: [INFO][SyncManagerImpl::ConfigureSyncer] Types to download:  with reason: 4
2025-12-10 09:30:40.270: [INFO][SyncEngineBackend::DoFinishConfigureDataTypes] Failed to download types:  and succeeded types: 
2025-12-10 09:30:40.301: [INFO][Sync] ConfigurationDone, failed: , succeeded: , remaining count: 0
2025-12-10 09:30:40.304: [INFO][Sync]     Configuration completed, state: 3
2025-12-10 09:30:40.306: [INFO][Sync] Configured DataTypeManager: Ok
2025-12-10 09:30:40.312: [INFO][SyncEngineBackend::DoStartSyncing] Start syncing
2025-12-10 10:18:42.354: [INFO][Sync] Reset engine, reason: 0
2025-12-10 10:18:42.356: [INFO][Sync] Reset engine with reason: 0
2025-12-11 03:45:17.870: [INFO][Sync] SyncState after authenticated was: FeatureCanStart
2025-12-11 03:45:21.181: [INFO][Sync] Try to start sync engine
2025-12-11 03:45:21.198: [INFO][SyncEngineBackend::LoadAndConnectNigoriController] Load and connect Nigori controller
2025-12-11 03:45:21.198: [INFO][SyncEngineBackend::DoInitialize] Control Types added: 
2025-12-11 03:45:21.198: [INFO][SyncManagerImpl::ConfigureSyncer] Types to download:  with reason: 4
2025-12-11 03:45:21.207: [INFO][Sync] Started DataTypeManager configuration, reason: 4
2025-12-11 03:45:21.207: [INFO][Sync] Configuring for: Bookmarks, Preferences, Passwords, Autofill Profiles, Autofill, Extensions, Sessions, Extension settings, History Delete Directives, Device Info, User Consents, Send Tab To Self, Web Apps, History, Saved Tab Group, WebAuthn Credentials, Collection, Edge E Drop, Edge Hub App Usage, Edge Wallet, Encryption Keys, reason: 4, current state: 0
2025-12-11 03:45:21.207: [INFO][SyncEngineBackend::DoStartConfiguration] Start configuration
2025-12-11 03:45:21.210: [INFO][Sync] Configure, desired: Bookmarks, Preferences, Passwords, Autofill Profiles, Autofill, Extensions, Sessions, Extension settings, History Delete Directives, Device Info, User Consents, Send Tab To Self, Web Apps, History, Saved Tab Group, WebAuthn Credentials, Collection, Edge E Drop, Edge Hub App Usage, Edge Wallet, Encryption Keys; Allow fail: 
2025-12-11 03:45:21.210: [INFO][Sync] Loading: Bookmarks
2025-12-11 03:45:21.210: [INFO][Sync] Loading: Preferences
2025-12-11 03:45:21.210: [INFO][Sync] Loading: Passwords
2025-12-11 03:45:21.210: [INFO][Sync] Loading: Autofill Profiles
2025-12-11 03:45:21.210: [INFO][Sync] Loading: Autofill
2025-12-11 03:45:21.210: [INFO][Sync] Loading: Extensions
2025-12-11 03:45:21.210: [INFO][Sync] Loading: Sessions
2025-12-11 03:45:21.210: [INFO][Sync] Loading: Extension settings
2025-12-11 03:45:21.210: [INFO][Sync] Loading: History Delete Directives
2025-12-11 03:45:21.210: [INFO][Sync] Loading: Device Info
2025-12-11 03:45:21.210: [INFO][Sync] Loading: User Consents
2025-12-11 03:45:21.210: [INFO][Sync] Loading: Send Tab To Self
2025-12-11 03:45:21.210: [INFO][Sync] Loading: Web Apps
2025-12-11 03:45:21.210: [INFO][Sync] Loading: History
2025-12-11 03:45:21.210: [INFO][Sync] Loading: Saved Tab Group
2025-12-11 03:45:21.210: [INFO][Sync] Loading: WebAuthn Credentials
2025-12-11 03:45:21.211: [INFO][Sync] Loading: Collection
2025-12-11 03:45:21.211: [INFO][Sync] Loading: Edge E Drop
2025-12-11 03:45:21.211: [INFO][Sync] Loading: Edge Hub App Usage
2025-12-11 03:45:21.211: [INFO][Sync] Loading: Edge Wallet
2025-12-11 03:45:21.225: [INFO][Sync] All data types are ready for configure.
2025-12-11 03:45:21.226: [INFO][SyncManagerImpl::ConfigureSyncer] Types to download:  with reason: 4
2025-12-11 03:45:21.226: [INFO][SyncEngineBackend::DoFinishConfigureDataTypes] Failed to download types:  and succeeded types: 
2025-12-11 03:45:21.228: [INFO][Sync] ConfigurationDone, failed: , succeeded: , remaining count: 4
2025-12-11 03:45:21.228: [INFO][SyncManagerImpl::ConfigureSyncer] Types to download:  with reason: 4
2025-12-11 03:45:21.228: [INFO][SyncEngineBackend::DoFinishConfigureDataTypes] Failed to download types:  and succeeded types: 
2025-12-11 03:45:21.228: [INFO][Sync] ConfigurationDone, failed: , succeeded: , remaining count: 3
2025-12-11 03:45:21.228: [INFO][SyncManagerImpl::ConfigureSyncer] Types to download:  with reason: 4
2025-12-11 03:45:21.228: [INFO][SyncEngineBackend::DoFinishConfigureDataTypes] Failed to download types:  and succeeded types: 
2025-12-11 03:45:21.229: [INFO][Sync] ConfigurationDone, failed: , succeeded: , remaining count: 2
2025-12-11 03:45:21.229: [INFO][SyncManagerImpl::ConfigureSyncer] Types to download:  with reason: 4
2025-12-11 03:45:21.229: [INFO][SyncEngineBackend::DoFinishConfigureDataTypes] Failed to download types:  and succeeded types: 
2025-12-11 03:45:21.229: [INFO][Sync] ConfigurationDone, failed: , succeeded: , remaining count: 1
2025-12-11 03:45:21.236: [INFO][SyncManagerImpl::ConfigureSyncer] Types to download:  with reason: 4
2025-12-11 03:45:21.236: [INFO][SyncEngineBackend::DoFinishConfigureDataTypes] Failed to download types:  and succeeded types: 
2025-12-11 03:45:21.237: [INFO][Sync] ConfigurationDone, failed: , succeeded: , remaining count: 0
2025-12-11 03:45:21.241: [INFO][Sync]     Configuration completed, state: 3
2025-12-11 03:45:21.243: [INFO][Sync] Configured DataTypeManager: Ok
2025-12-11 03:45:21.247: [INFO][SyncEngineBackend::DoStartSyncing] Start syncing
2025-12-11 03:45:21.464: [INFO][SyncAuthManager::SetLastAuthError] Current auth error: None
2025-12-11 03:45:21.464: [INFO][SyncAuthManager::EdgeLogTokenErrorState] Token error with: None for account type: MSA
2025-12-11 03:45:21.464: [INFO][Sync] Credentials changed for: EdgeSyncKeyDataScope
2025-12-11 03:45:21.464: [INFO][SyncEngineBackend::DoUpdateKeyDataCredentials] Update key data credentials
2025-12-11 03:45:22.125: [INFO][SyncAuthManager::SetLastAuthError] Current auth error: None
2025-12-11 03:45:22.125: [INFO][SyncAuthManager::EdgeLogTokenErrorState] Token error with: None for account type: MSA
2025-12-11 03:45:22.125: [INFO][Sync] Credentials changed for: EdgeSyncScopeNew
2025-12-11 03:45:22.125: [INFO][SyncEngineBackend::DoUpdateCredentials] Update credentials
2025-12-11 03:45:23.341: [INFO][SyncEngineBackend::DoUpdateKeyDataCredentials] Update key data credentials
2025-12-11 03:58:58.635: [INFO][Sync] Reset engine, reason: 0
2025-12-11 03:58:58.635: [INFO][Sync] Reset engine with reason: 0
2025-12-11 04:55:57.175: [INFO][Sync] SyncState after authenticated was: FeatureCanStart
2025-12-11 04:56:02.322: [INFO][SyncAuthManager::SetLastAuthError] Current auth error: None
2025-12-11 04:56:02.322: [INFO][SyncAuthManager::EdgeLogTokenErrorState] Token error with: None for account type: MSA
2025-12-11 04:56:02.322: [INFO][Sync] Credentials changed for: EdgeSyncKeyDataScope
2025-12-11 04:56:02.463: [INFO][Sync] Try to start sync engine
2025-12-11 04:56:02.556: [INFO][SyncAuthManager::SetLastAuthError] Current auth error: None
2025-12-11 04:56:02.556: [INFO][SyncAuthManager::EdgeLogTokenErrorState] Token error with: None for account type: MSA
2025-12-11 04:56:02.556: [INFO][Sync] Credentials changed for: EdgeSyncScopeNew
2025-12-11 04:56:02.616: [INFO][SyncEngineBackend::LoadAndConnectNigoriController] Load and connect Nigori controller
2025-12-11 04:56:02.616: [INFO][SyncEngineBackend::DoInitialize] Control Types added: 
2025-12-11 04:56:02.616: [INFO][SyncManagerImpl::ConfigureSyncer] Types to download:  with reason: 4
2025-12-11 04:56:02.616: [INFO][SyncEngineBackend::DoUpdateKeyDataCredentials] Update key data credentials
2025-12-11 04:56:02.616: [INFO][SyncEngineBackend::DoUpdateCredentials] Update credentials
2025-12-11 04:56:02.616: [INFO][SyncEngineBackend::DoUpdateKeyDataCredentials] Update key data credentials
2025-12-11 04:56:02.638: [INFO][Sync] Started DataTypeManager configuration, reason: 4
2025-12-11 04:56:02.638: [INFO][Sync] Configuring for: Bookmarks, Preferences, Passwords, Autofill Profiles, Autofill, Extensions, Sessions, Extension settings, History Delete Directives, Device Info, User Consents, Send Tab To Self, Web Apps, History, Saved Tab Group, WebAuthn Credentials, Collection, Edge E Drop, Edge Hub App Usage, Edge Wallet, Encryption Keys, reason: 4, current state: 0
2025-12-11 04:56:02.638: [INFO][SyncEngineBackend::DoStartConfiguration] Start configuration
2025-12-11 04:56:02.642: [INFO][Sync] Configure, desired: Bookmarks, Preferences, Passwords, Autofill Profiles, Autofill, Extensions, Sessions, Extension settings, History Delete Directives, Device Info, User Consents, Send Tab To Self, Web Apps, History, Saved Tab Group, WebAuthn Credentials, Collection, Edge E Drop, Edge Hub App Usage, Edge Wallet, Encryption Keys; Allow fail: 
2025-12-11 04:56:02.642: [INFO][Sync] Loading: Bookmarks
2025-12-11 04:56:02.642: [INFO][Sync] Loading: Preferences
2025-12-11 04:56:02.642: [INFO][Sync] Loading: Passwords
2025-12-11 04:56:02.642: [INFO][Sync] Loading: Autofill Profiles
2025-12-11 04:56:02.642: [INFO][Sync] Loading: Autofill
2025-12-11 04:56:02.642: [INFO][Sync] Loading: Extensions
2025-12-11 04:56:02.642: [INFO][Sync] Loading: Sessions
2025-12-11 04:56:02.642: [INFO][Sync] Loading: Extension settings
2025-12-11 04:56:02.642: [INFO][Sync] Loading: History Delete Directives
2025-12-11 04:56:02.642: [INFO][Sync] Loading: Device Info
2025-12-11 04:56:02.642: [INFO][Sync] Loading: User Consents
2025-12-11 04:56:02.642: [INFO][Sync] Loading: Send Tab To Self
2025-12-11 04:56:02.642: [INFO][Sync] Loading: Web Apps
2025-12-11 04:56:02.643: [INFO][Sync] Loading: History
2025-12-11 04:56:02.643: [INFO][Sync] Loading: Saved Tab Group
2025-12-11 04:56:02.643: [INFO][Sync] Loading: WebAuthn Credentials
2025-12-11 04:56:02.643: [INFO][Sync] Loading: Collection
2025-12-11 04:56:02.643: [INFO][Sync] Loading: Edge E Drop
2025-12-11 04:56:02.643: [INFO][Sync] Loading: Edge Hub App Usage
2025-12-11 04:56:02.643: [INFO][Sync] Loading: Edge Wallet
2025-12-11 04:56:02.684: [INFO][Sync] All data types are ready for configure.
2025-12-11 04:56:02.685: [INFO][SyncManagerImpl::ConfigureSyncer] Types to download:  with reason: 4
2025-12-11 04:56:02.685: [INFO][SyncEngineBackend::DoFinishConfigureDataTypes] Failed to download types:  and succeeded types: 
2025-12-11 04:56:02.686: [INFO][Sync] ConfigurationDone, failed: , succeeded: , remaining count: 4
2025-12-11 04:56:02.686: [INFO][SyncManagerImpl::ConfigureSyncer] Types to download:  with reason: 4
2025-12-11 04:56:02.686: [INFO][SyncEngineBackend::DoFinishConfigureDataTypes] Failed to download types:  and succeeded types: 
2025-12-11 04:56:02.686: [INFO][Sync] ConfigurationDone, failed: , succeeded: , remaining count: 3
2025-12-11 04:56:02.687: [INFO][SyncManagerImpl::ConfigureSyncer] Types to download:  with reason: 4
2025-12-11 04:56:02.687: [INFO][SyncEngineBackend::DoFinishConfigureDataTypes] Failed to download types:  and succeeded types: 
2025-12-11 04:56:02.687: [INFO][Sync] ConfigurationDone, failed: , succeeded: , remaining count: 2
2025-12-11 04:56:02.687: [INFO][SyncManagerImpl::ConfigureSyncer] Types to download:  with reason: 4
2025-12-11 04:56:02.687: [INFO][SyncEngineBackend::DoFinishConfigureDataTypes] Failed to download types:  and succeeded types: 
2025-12-11 04:56:02.687: [INFO][Sync] ConfigurationDone, failed: , succeeded: , remaining count: 1
2025-12-11 04:56:02.690: [INFO][SyncManagerImpl::ConfigureSyncer] Types to download:  with reason: 4
2025-12-11 04:56:02.690: [INFO][SyncEngineBackend::DoFinishConfigureDataTypes] Failed to download types:  and succeeded types: 
2025-12-11 04:56:02.690: [INFO][Sync] ConfigurationDone, failed: , succeeded: , remaining count: 0
2025-12-11 04:56:02.693: [INFO][Sync]     Configuration completed, state: 3
2025-12-11 04:56:02.695: [INFO][Sync] Configured DataTypeManager: Ok
2025-12-11 04:56:02.698: [INFO][SyncEngineBackend::DoStartSyncing] Start syncing
2025-12-11 04:56:40.357: [INFO][Sync] Reset engine, reason: 0
2025-12-11 04:56:40.357: [INFO][Sync] Reset engine with reason: 0
2025-12-11 05:55:28.238: [INFO][Sync] SyncState after authenticated was: FeatureCanStart
2025-12-11 05:55:33.986: [INFO][SyncAuthManager::SetLastAuthError] Current auth error: None
2025-12-11 05:55:33.986: [INFO][SyncAuthManager::EdgeLogTokenErrorState] Token error with: None for account type: MSA
2025-12-11 05:55:33.987: [INFO][Sync] Credentials changed for: EdgeSyncKeyDataScope
2025-12-11 05:55:35.566: [INFO][Sync] Try to start sync engine
2025-12-11 05:55:35.608: [INFO][SyncEngineBackend::LoadAndConnectNigoriController] Load and connect Nigori controller
2025-12-11 05:55:35.608: [INFO][SyncEngineBackend::DoInitialize] Control Types added: 
2025-12-11 05:55:35.608: [INFO][SyncManagerImpl::ConfigureSyncer] Types to download:  with reason: 4
2025-12-11 05:55:35.608: [INFO][SyncEngineBackend::DoUpdateKeyDataCredentials] Update key data credentials
2025-12-11 05:55:35.614: [INFO][SyncAuthManager::SetLastAuthError] Current auth error: None
2025-12-11 05:55:35.614: [INFO][SyncAuthManager::EdgeLogTokenErrorState] Token error with: None for account type: MSA
2025-12-11 05:55:35.614: [INFO][Sync] Credentials changed for: EdgeSyncScopeNew
2025-12-11 05:55:35.622: [INFO][SyncEngineBackend::DoUpdateCredentials] Update credentials
2025-12-11 05:55:35.622: [INFO][SyncEngineBackend::DoUpdateKeyDataCredentials] Update key data credentials
2025-12-11 05:55:35.668: [INFO][Sync] Started DataTypeManager configuration, reason: 4
2025-12-11 05:55:35.668: [INFO][Sync] Configuring for: Bookmarks, Preferences, Passwords, Autofill Profiles, Autofill, Extensions, Sessions, Extension settings, History Delete Directives, Device Info, User Consents, Send Tab To Self, Web Apps, History, Saved Tab Group, WebAuthn Credentials, Collection, Edge E Drop, Edge Hub App Usage, Edge Wallet, Encryption Keys, reason: 4, current state: 0
2025-12-11 05:55:35.671: [INFO][SyncEngineBackend::DoStartConfiguration] Start configuration
2025-12-11 05:55:35.676: [INFO][Sync] Configure, desired: Bookmarks, Preferences, Passwords, Autofill Profiles, Autofill, Extensions, Sessions, Extension settings, History Delete Directives, Device Info, User Consents, Send Tab To Self, Web Apps, History, Saved Tab Group, WebAuthn Credentials, Collection, Edge E Drop, Edge Hub App Usage, Edge Wallet, Encryption Keys; Allow fail: 
2025-12-11 05:55:35.676: [INFO][Sync] Loading: Bookmarks
2025-12-11 05:55:35.676: [INFO][Sync] Loading: Preferences
2025-12-11 05:55:35.678: [INFO][Sync] Loading: Passwords
2025-12-11 05:55:35.678: [INFO][Sync] Loading: Autofill Profiles
2025-12-11 05:55:35.678: [INFO][Sync] Loading: Autofill
2025-12-11 05:55:35.678: [INFO][Sync] Loading: Extensions
2025-12-11 05:55:35.678: [INFO][Sync] Loading: Sessions
2025-12-11 05:55:35.678: [INFO][Sync] Loading: Extension settings
2025-12-11 05:55:35.678: [INFO][Sync] Loading: History Delete Directives
2025-12-11 05:55:35.678: [INFO][Sync] Loading: Device Info
2025-12-11 05:55:35.678: [INFO][Sync] Loading: User Consents
2025-12-11 05:55:35.678: [INFO][Sync] Loading: Send Tab To Self
2025-12-11 05:55:35.678: [INFO][Sync] Loading: Web Apps
2025-12-11 05:55:35.678: [INFO][Sync] Loading: History
2025-12-11 05:55:35.678: [INFO][Sync] Loading: Saved Tab Group
2025-12-11 05:55:35.678: [INFO][Sync] Loading: WebAuthn Credentials
2025-12-11 05:55:35.678: [INFO][Sync] Loading: Collection
2025-12-11 05:55:35.678: [INFO][Sync] Loading: Edge E Drop
2025-12-11 05:55:35.678: [INFO][Sync] Loading: Edge Hub App Usage
2025-12-11 05:55:35.678: [INFO][Sync] Loading: Edge Wallet
2025-12-11 05:55:35.715: [INFO][Sync] All data types are ready for configure.
2025-12-11 05:55:35.718: [INFO][SyncManagerImpl::ConfigureSyncer] Types to download:  with reason: 4
2025-12-11 05:55:35.718: [INFO][SyncEngineBackend::DoFinishConfigureDataTypes] Failed to download types:  and succeeded types: 
2025-12-11 05:55:35.723: [INFO][Sync] ConfigurationDone, failed: , succeeded: , remaining count: 4
2025-12-11 05:55:35.727: [INFO][SyncManagerImpl::ConfigureSyncer] Types to download:  with reason: 4
2025-12-11 05:55:35.727: [INFO][SyncEngineBackend::DoFinishConfigureDataTypes] Failed to download types:  and succeeded types: 
2025-12-11 05:55:35.727: [INFO][Sync] ConfigurationDone, failed: , succeeded: , remaining count: 3
2025-12-11 05:55:35.730: [INFO][SyncManagerImpl::ConfigureSyncer] Types to download:  with reason: 4
2025-12-11 05:55:35.730: [INFO][SyncEngineBackend::DoFinishConfigureDataTypes] Failed to download types:  and succeeded types: 
2025-12-11 05:55:35.730: [INFO][Sync] ConfigurationDone, failed: , succeeded: , remaining count: 2
2025-12-11 05:55:35.732: [INFO][SyncManagerImpl::ConfigureSyncer] Types to download:  with reason: 4
2025-12-11 05:55:35.732: [INFO][SyncEngineBackend::DoFinishConfigureDataTypes] Failed to download types:  and succeeded types: 
2025-12-11 05:55:35.733: [INFO][Sync] ConfigurationDone, failed: , succeeded: , remaining count: 1
2025-12-11 05:55:35.746: [INFO][SyncManagerImpl::ConfigureSyncer] Types to download:  with reason: 4
2025-12-11 05:55:35.746: [INFO][SyncEngineBackend::DoFinishConfigureDataTypes] Failed to download types:  and succeeded types: 
2025-12-11 05:55:35.747: [INFO][Sync] ConfigurationDone, failed: , succeeded: , remaining count: 0
2025-12-11 05:55:35.750: [INFO][Sync]     Configuration completed, state: 3
2025-12-11 05:55:35.752: [INFO][Sync] Configured DataTypeManager: Ok
2025-12-11 05:55:35.829: [INFO][SyncEngineBackend::DoStartSyncing] Start syncing
2025-12-11 06:04:41.482: [INFO][Sync] Reset engine, reason: 0
2025-12-11 06:04:41.482: [INFO][Sync] Reset engine with reason: 0
2025-12-11 13:20:53.206: [INFO][Sync] SyncState after authenticated was: FeatureCanStart
2025-12-11 13:20:57.647: [INFO][Sync] Try to start sync engine
2025-12-11 13:20:57.675: [INFO][SyncEngineBackend::LoadAndConnectNigoriController] Load and connect Nigori controller
2025-12-11 13:20:57.675: [INFO][SyncEngineBackend::DoInitialize] Control Types added: 
2025-12-11 13:20:57.675: [INFO][SyncManagerImpl::ConfigureSyncer] Types to download:  with reason: 4
2025-12-11 13:20:57.688: [INFO][Sync] Started DataTypeManager configuration, reason: 4
2025-12-11 13:20:57.688: [INFO][Sync] Configuring for: Bookmarks, Preferences, Passwords, Autofill Profiles, Autofill, Extensions, Sessions, Extension settings, History Delete Directives, Device Info, User Consents, Send Tab To Self, Web Apps, History, Saved Tab Group, WebAuthn Credentials, Collection, Edge E Drop, Edge Hub App Usage, Edge Wallet, Encryption Keys, reason: 4, current state: 0
2025-12-11 13:20:57.688: [INFO][SyncEngineBackend::DoStartConfiguration] Start configuration
2025-12-11 13:20:57.696: [INFO][Sync] Configure, desired: Bookmarks, Preferences, Passwords, Autofill Profiles, Autofill, Extensions, Sessions, Extension settings, History Delete Directives, Device Info, User Consents, Send Tab To Self, Web Apps, History, Saved Tab Group, WebAuthn Credentials, Collection, Edge E Drop, Edge Hub App Usage, Edge Wallet, Encryption Keys; Allow fail: 
2025-12-11 13:20:57.696: [INFO][Sync] Loading: Bookmarks
2025-12-11 13:20:57.696: [INFO][Sync] Loading: Preferences
2025-12-11 13:20:57.696: [INFO][Sync] Loading: Passwords
2025-12-11 13:20:57.696: [INFO][Sync] Loading: Autofill Profiles
2025-12-11 13:20:57.696: [INFO][Sync] Loading: Autofill
2025-12-11 13:20:57.696: [INFO][Sync] Loading: Extensions
2025-12-11 13:20:57.696: [INFO][Sync] Loading: Sessions
2025-12-11 13:20:57.696: [INFO][Sync] Loading: Extension settings
2025-12-11 13:20:57.696: [INFO][Sync] Loading: History Delete Directives
2025-12-11 13:20:57.697: [INFO][Sync] Loading: Device Info
2025-12-11 13:20:57.697: [INFO][Sync] Loading: User Consents
2025-12-11 13:20:57.697: [INFO][Sync] Loading: Send Tab To Self
2025-12-11 13:20:57.697: [INFO][Sync] Loading: Web Apps
2025-12-11 13:20:57.697: [INFO][Sync] Loading: History
2025-12-11 13:20:57.697: [INFO][Sync] Loading: Saved Tab Group
2025-12-11 13:20:57.697: [INFO][Sync] Loading: WebAuthn Credentials
2025-12-11 13:20:57.697: [INFO][Sync] Loading: Collection
2025-12-11 13:20:57.697: [INFO][Sync] Loading: Edge E Drop
2025-12-11 13:20:57.697: [INFO][Sync] Loading: Edge Hub App Usage
2025-12-11 13:20:57.697: [INFO][Sync] Loading: Edge Wallet
2025-12-11 13:20:57.711: [INFO][SyncAuthManager::SetLastAuthError] Current auth error: None
2025-12-11 13:20:57.711: [INFO][SyncAuthManager::EdgeLogTokenErrorState] Token error with: None for account type: MSA
2025-12-11 13:20:57.711: [INFO][Sync] Credentials changed for: EdgeSyncKeyDataScope
2025-12-11 13:20:57.711: [INFO][SyncEngineBackend::DoUpdateKeyDataCredentials] Update key data credentials
2025-12-11 13:20:57.718: [INFO][Sync] All data types are ready for configure.
2025-12-11 13:20:57.719: [INFO][SyncManagerImpl::ConfigureSyncer] Types to download:  with reason: 4
2025-12-11 13:20:57.719: [INFO][SyncEngineBackend::DoFinishConfigureDataTypes] Failed to download types:  and succeeded types: 
2025-12-11 13:20:57.719: [INFO][Sync] ConfigurationDone, failed: , succeeded: , remaining count: 4
2025-12-11 13:20:57.719: [INFO][SyncManagerImpl::ConfigureSyncer] Types to download:  with reason: 4
2025-12-11 13:20:57.719: [INFO][SyncEngineBackend::DoFinishConfigureDataTypes] Failed to download types:  and succeeded types: 
2025-12-11 13:20:57.719: [INFO][Sync] ConfigurationDone, failed: , succeeded: , remaining count: 3
2025-12-11 13:20:57.719: [INFO][SyncManagerImpl::ConfigureSyncer] Types to download:  with reason: 4
2025-12-11 13:20:57.719: [INFO][SyncEngineBackend::DoFinishConfigureDataTypes] Failed to download types:  and succeeded types: 
2025-12-11 13:20:57.719: [INFO][Sync] ConfigurationDone, failed: , succeeded: , remaining count: 2
2025-12-11 13:20:57.720: [INFO][SyncManagerImpl::ConfigureSyncer] Types to download:  with reason: 4
2025-12-11 13:20:57.720: [INFO][SyncEngineBackend::DoFinishConfigureDataTypes] Failed to download types:  and succeeded types: 
2025-12-11 13:20:57.720: [INFO][Sync] ConfigurationDone, failed: , succeeded: , remaining count: 1
2025-12-11 13:20:57.724: [INFO][SyncManagerImpl::ConfigureSyncer] Types to download:  with reason: 4
2025-12-11 13:20:57.724: [INFO][SyncEngineBackend::DoFinishConfigureDataTypes] Failed to download types:  and succeeded types: 
2025-12-11 13:20:57.724: [INFO][Sync] ConfigurationDone, failed: , succeeded: , remaining count: 0
2025-12-11 13:20:57.728: [INFO][Sync]     Configuration completed, state: 3
2025-12-11 13:20:57.730: [INFO][Sync] Configured DataTypeManager: Ok
2025-12-11 13:20:57.735: [INFO][SyncEngineBackend::DoStartSyncing] Start syncing
2025-12-11 13:20:58.438: [INFO][SyncAuthManager::SetLastAuthError] Current auth error: None
2025-12-11 13:20:58.438: [INFO][SyncAuthManager::EdgeLogTokenErrorState] Token error with: None for account type: MSA
2025-12-11 13:20:58.438: [INFO][Sync] Credentials changed for: EdgeSyncScopeNew
2025-12-11 13:20:58.438: [INFO][SyncEngineBackend::DoUpdateCredentials] Update credentials
2025-12-11 13:21:00.002: [INFO][SyncEngineBackend::DoUpdateKeyDataCredentials] Update key data credentials
2025-12-11 13:21:52.462: [INFO][Sync] Reset engine, reason: 0
2025-12-11 13:21:52.462: [INFO][Sync] Reset engine with reason: 0
